2016-03-18 16:15:30,055 [main] ERROR StackTrace  - Full Stack Trace:
org.grails.datastore.mapping.model.IllegalMappingException: Mapped identifier [id] for class [grails.test.mixin.support.GrailsUnitTestMixin] is not a valid property
	at org.grails.datastore.mapping.model.config.GormMappingConfigurationStrategy.getIdentity(GormMappingConfigurationStrategy.java:809)
	at org.grails.datastore.mapping.model.AbstractPersistentEntity.resolveIdentifier(AbstractPersistentEntity.java:125)
	at org.grails.datastore.mapping.model.AbstractPersistentEntity.initialize(AbstractPersistentEntity.java:88)
	at org.grails.datastore.mapping.model.AbstractMappingContext.initializePersistentEntity(AbstractMappingContext.java:250)
	at org.grails.datastore.mapping.model.AbstractMappingContext.addPersistentEntities(AbstractMappingContext.java:183)
	at grails.test.mixin.domain.DomainClassUnitTestMixin.mockDomains(DomainClassUnitTestMixin.groovy:86)
	at grails.test.mixin.domain.DomainClassUnitTestMixin.mockDomain(DomainClassUnitTestMixin.groovy:119)
	at grails.test.mixin.domain.DomainClassUnitTestMixin.mockDomain(DomainClassUnitTestMixin.groovy:118)
	at org.springsource.loaded.ri.ReflectiveInterceptor.jlrMethodInvoke(ReflectiveInterceptor.java:1426)
	at org.spockframework.util.ReflectionUtil.invokeMethod(ReflectionUtil.java:153)
	at org.spockframework.runtime.model.MethodInfo.invoke(MethodInfo.java:84)
	at org.spockframework.runtime.extension.MethodInvocation.proceed(MethodInvocation.java:88)
	at org.spockframework.runtime.extension.builtin.AbstractRuleInterceptor$1.evaluate(AbstractRuleInterceptor.java:37)
	at org.springsource.loaded.ri.ReflectiveInterceptor.jlrMethodInvoke(ReflectiveInterceptor.java:1426)
	at grails.test.runtime.TestRuntimeJunitAdapter$1$2.evaluate(TestRuntimeJunitAdapter.groovy:49)
	at org.spockframework.runtime.extension.builtin.TestRuleInterceptor.intercept(TestRuleInterceptor.java:38)
	at org.spockframework.runtime.extension.MethodInvocation.proceed(MethodInvocation.java:87)
	at org.spockframework.runtime.extension.MethodInvocation.proceed(MethodInvocation.java:88)
	at org.spockframework.runtime.extension.builtin.AbstractRuleInterceptor$1.evaluate(AbstractRuleInterceptor.java:37)
	at org.springsource.loaded.ri.ReflectiveInterceptor.jlrMethodInvoke(ReflectiveInterceptor.java:1426)
	at grails.test.runtime.TestRuntimeJunitAdapter$3$4.evaluate(TestRuntimeJunitAdapter.groovy:76)
	at org.spockframework.runtime.extension.builtin.ClassRuleInterceptor.intercept(ClassRuleInterceptor.java:38)
	at org.spockframework.runtime.extension.MethodInvocation.proceed(MethodInvocation.java:87)
	at org.junit.runners.Suite.runChild(Suite.java:128)
	at org.junit.runners.Suite.runChild(Suite.java:27)
	at org.junit.runners.ParentRunner$3.run(ParentRunner.java:290)
	at org.junit.runners.ParentRunner$1.schedule(ParentRunner.java:71)
	at org.junit.runners.ParentRunner.runChildren(ParentRunner.java:288)
	at org.junit.runners.ParentRunner.access$000(ParentRunner.java:58)
	at org.junit.runners.ParentRunner$2.evaluate(ParentRunner.java:268)
	at org.junit.runners.ParentRunner.run(ParentRunner.java:363)
	at org.junit.runner.JUnitCore.run(JUnitCore.java:137)
	at org.junit.runner.JUnitCore.run(JUnitCore.java:115)
	at org.codehaus.groovy.grails.test.spock.GrailsSpecTestType.doRun(GrailsSpecTestType.groovy:147)
	at org.codehaus.groovy.grails.test.support.GrailsTestTypeSupport.run(GrailsTestTypeSupport.groovy:121)
	at org.codehaus.groovy.grails.test.runner.GrailsProjectTestRunner.runTests(GrailsProjectTestRunner.groovy:416)
	at org.codehaus.groovy.grails.test.runner.GrailsProjectTestRunner.processTests(GrailsProjectTestRunner.groovy:396)
	at org.springsource.loaded.ri.ReflectiveInterceptor.jlrMethodInvoke(ReflectiveInterceptor.java:1426)
	at org.codehaus.groovy.grails.test.runner.GrailsProjectTestRunner.runAllTests_closure7(GrailsProjectTestRunner.groovy:314)
	at org.springsource.loaded.ri.ReflectiveInterceptor.jlrMethodInvoke(ReflectiveInterceptor.java:1426)
	at groovy.lang.Closure.call(Closure.java:426)
	at org.codehaus.groovy.grails.test.runner.GrailsProjectTestRunner.runAllTests(GrailsProjectTestRunner.groovy:300)
	at org.codehaus.groovy.grails.test.runner.GrailsProjectTestRunner.runAllTests(GrailsProjectTestRunner.groovy:215)
	at org.codehaus.groovy.grails.cli.fork.testing.ForkedGrailsTestRunner.runInstance(ForkedGrailsTestRunner.groovy:128)
	at org.codehaus.groovy.grails.cli.fork.ForkedGrailsProjectClassExecutor.run(ForkedGrailsProjectClassExecutor.groovy:74)
	at org.codehaus.groovy.grails.cli.fork.testing.ForkedGrailsTestRunner.main(ForkedGrailsTestRunner.groovy:75)
2016-03-18 16:15:30,070 [main] ERROR StackTrace  - Full Stack Trace:
org.grails.datastore.mapping.model.IllegalMappingException: Mapped identifier [id] for class [grails.test.mixin.support.GrailsUnitTestMixin] is not a valid property
	at org.grails.datastore.mapping.model.config.GormMappingConfigurationStrategy.getIdentity(GormMappingConfigurationStrategy.java:809)
	at org.grails.datastore.mapping.model.AbstractPersistentEntity.resolveIdentifier(AbstractPersistentEntity.java:125)
	at org.grails.datastore.mapping.model.AbstractPersistentEntity.initialize(AbstractPersistentEntity.java:88)
	at org.grails.datastore.mapping.model.AbstractMappingContext.initializePersistentEntity(AbstractMappingContext.java:250)
	at org.grails.datastore.mapping.model.AbstractMappingContext.addPersistentEntities(AbstractMappingContext.java:183)
	at grails.test.mixin.domain.DomainClassUnitTestMixin.mockDomains(DomainClassUnitTestMixin.groovy:86)
	at grails.test.mixin.domain.DomainClassUnitTestMixin.mockDomain(DomainClassUnitTestMixin.groovy:119)
	at grails.test.mixin.domain.DomainClassUnitTestMixin.mockDomain(DomainClassUnitTestMixin.groovy:118)
	at org.spockframework.util.ReflectionUtil.invokeMethod(ReflectionUtil.java:153)
	at org.spockframework.runtime.model.MethodInfo.invoke(MethodInfo.java:84)
	at org.spockframework.runtime.extension.MethodInvocation.proceed(MethodInvocation.java:88)
	at org.spockframework.runtime.extension.builtin.AbstractRuleInterceptor$1.evaluate(AbstractRuleInterceptor.java:37)
	at grails.test.runtime.TestRuntimeJunitAdapter$1$2.evaluate(TestRuntimeJunitAdapter.groovy:49)
	at org.spockframework.runtime.extension.builtin.TestRuleInterceptor.intercept(TestRuleInterceptor.java:38)
	at org.spockframework.runtime.extension.MethodInvocation.proceed(MethodInvocation.java:87)
	at org.spockframework.runtime.extension.MethodInvocation.proceed(MethodInvocation.java:88)
	at org.spockframework.runtime.extension.builtin.AbstractRuleInterceptor$1.evaluate(AbstractRuleInterceptor.java:37)
	at grails.test.runtime.TestRuntimeJunitAdapter$3$4.evaluate(TestRuntimeJunitAdapter.groovy:76)
	at org.spockframework.runtime.extension.builtin.ClassRuleInterceptor.intercept(ClassRuleInterceptor.java:38)
	at org.spockframework.runtime.extension.MethodInvocation.proceed(MethodInvocation.java:87)
2016-03-18 16:15:30,077 [main] ERROR StackTrace  - Full Stack Trace:
org.grails.datastore.mapping.model.IllegalMappingException: Mapped identifier [id] for class [grails.test.mixin.support.GrailsUnitTestMixin] is not a valid property
	at org.grails.datastore.mapping.model.config.GormMappingConfigurationStrategy.getIdentity(GormMappingConfigurationStrategy.java:809)
	at org.grails.datastore.mapping.model.AbstractPersistentEntity.resolveIdentifier(AbstractPersistentEntity.java:125)
	at org.grails.datastore.mapping.model.AbstractPersistentEntity.initialize(AbstractPersistentEntity.java:88)
	at org.grails.datastore.mapping.model.AbstractMappingContext.initializePersistentEntity(AbstractMappingContext.java:250)
	at org.grails.datastore.mapping.model.AbstractMappingContext.addPersistentEntities(AbstractMappingContext.java:183)
	at grails.test.mixin.domain.DomainClassUnitTestMixin.mockDomains(DomainClassUnitTestMixin.groovy:86)
	at grails.test.mixin.domain.DomainClassUnitTestMixin.mockDomain(DomainClassUnitTestMixin.groovy:119)
	at grails.test.mixin.domain.DomainClassUnitTestMixin.mockDomain(DomainClassUnitTestMixin.groovy:118)
	at org.spockframework.util.ReflectionUtil.invokeMethod(ReflectionUtil.java:153)
	at org.spockframework.runtime.model.MethodInfo.invoke(MethodInfo.java:84)
	at org.spockframework.runtime.extension.MethodInvocation.proceed(MethodInvocation.java:88)
	at org.spockframework.runtime.extension.builtin.AbstractRuleInterceptor$1.evaluate(AbstractRuleInterceptor.java:37)
	at grails.test.runtime.TestRuntimeJunitAdapter$1$2.evaluate(TestRuntimeJunitAdapter.groovy:49)
	at org.spockframework.runtime.extension.builtin.TestRuleInterceptor.intercept(TestRuleInterceptor.java:38)
	at org.spockframework.runtime.extension.MethodInvocation.proceed(MethodInvocation.java:87)
	at org.spockframework.runtime.extension.MethodInvocation.proceed(MethodInvocation.java:88)
	at org.spockframework.runtime.extension.builtin.AbstractRuleInterceptor$1.evaluate(AbstractRuleInterceptor.java:37)
	at grails.test.runtime.TestRuntimeJunitAdapter$3$4.evaluate(TestRuntimeJunitAdapter.groovy:76)
	at org.spockframework.runtime.extension.builtin.ClassRuleInterceptor.intercept(ClassRuleInterceptor.java:38)
	at org.spockframework.runtime.extension.MethodInvocation.proceed(MethodInvocation.java:87)
2016-03-18 16:15:30,077 [main] ERROR StackTrace  - Full Stack Trace:
org.grails.datastore.mapping.model.IllegalMappingException: Mapped identifier [id] for class [grails.test.mixin.support.GrailsUnitTestMixin] is not a valid property
	at org.grails.datastore.mapping.model.config.GormMappingConfigurationStrategy.getIdentity(GormMappingConfigurationStrategy.java:809)
	at org.grails.datastore.mapping.model.AbstractPersistentEntity.resolveIdentifier(AbstractPersistentEntity.java:125)
	at org.grails.datastore.mapping.model.AbstractPersistentEntity.initialize(AbstractPersistentEntity.java:88)
	at org.grails.datastore.mapping.model.AbstractMappingContext.initializePersistentEntity(AbstractMappingContext.java:250)
	at org.grails.datastore.mapping.model.AbstractMappingContext.addPersistentEntities(AbstractMappingContext.java:183)
	at grails.test.mixin.domain.DomainClassUnitTestMixin.mockDomains(DomainClassUnitTestMixin.groovy:86)
	at grails.test.mixin.domain.DomainClassUnitTestMixin.mockDomain(DomainClassUnitTestMixin.groovy:119)
	at grails.test.mixin.domain.DomainClassUnitTestMixin.mockDomain(DomainClassUnitTestMixin.groovy:118)
	at org.spockframework.util.ReflectionUtil.invokeMethod(ReflectionUtil.java:153)
	at org.spockframework.runtime.model.MethodInfo.invoke(MethodInfo.java:84)
	at org.spockframework.runtime.extension.MethodInvocation.proceed(MethodInvocation.java:88)
	at org.spockframework.runtime.extension.builtin.AbstractRuleInterceptor$1.evaluate(AbstractRuleInterceptor.java:37)
	at grails.test.runtime.TestRuntimeJunitAdapter$1$2.evaluate(TestRuntimeJunitAdapter.groovy:49)
	at org.spockframework.runtime.extension.builtin.TestRuleInterceptor.intercept(TestRuleInterceptor.java:38)
	at org.spockframework.runtime.extension.MethodInvocation.proceed(MethodInvocation.java:87)
	at org.spockframework.runtime.extension.MethodInvocation.proceed(MethodInvocation.java:88)
	at org.spockframework.runtime.extension.builtin.AbstractRuleInterceptor$1.evaluate(AbstractRuleInterceptor.java:37)
	at grails.test.runtime.TestRuntimeJunitAdapter$3$4.evaluate(TestRuntimeJunitAdapter.groovy:76)
	at org.spockframework.runtime.extension.builtin.ClassRuleInterceptor.intercept(ClassRuleInterceptor.java:38)
	at org.spockframework.runtime.extension.MethodInvocation.proceed(MethodInvocation.java:87)
2016-03-18 16:15:30,115 [main] ERROR StackTrace  - Full Stack Trace:
org.grails.datastore.mapping.model.IllegalMappingException: Mapped identifier [id] for class [grails.test.mixin.support.GrailsUnitTestMixin] is not a valid property
	at org.grails.datastore.mapping.model.config.GormMappingConfigurationStrategy.getIdentity(GormMappingConfigurationStrategy.java:809)
	at org.grails.datastore.mapping.model.AbstractPersistentEntity.resolveIdentifier(AbstractPersistentEntity.java:125)
	at org.grails.datastore.mapping.model.AbstractPersistentEntity.initialize(AbstractPersistentEntity.java:88)
	at org.grails.datastore.mapping.model.AbstractMappingContext.initializePersistentEntity(AbstractMappingContext.java:250)
	at org.grails.datastore.mapping.model.AbstractMappingContext.addPersistentEntities(AbstractMappingContext.java:183)
	at grails.test.mixin.domain.DomainClassUnitTestMixin.mockDomains(DomainClassUnitTestMixin.groovy:86)
	at grails.test.mixin.domain.DomainClassUnitTestMixin.mockDomain(DomainClassUnitTestMixin.groovy:119)
	at grails.test.mixin.domain.DomainClassUnitTestMixin.mockDomain(DomainClassUnitTestMixin.groovy:118)
	at org.spockframework.util.ReflectionUtil.invokeMethod(ReflectionUtil.java:153)
	at org.spockframework.runtime.model.MethodInfo.invoke(MethodInfo.java:84)
	at org.spockframework.runtime.extension.MethodInvocation.proceed(MethodInvocation.java:88)
	at org.spockframework.runtime.extension.builtin.AbstractRuleInterceptor$1.evaluate(AbstractRuleInterceptor.java:37)
	at grails.test.runtime.TestRuntimeJunitAdapter$1$2.evaluate(TestRuntimeJunitAdapter.groovy:49)
	at org.spockframework.runtime.extension.builtin.TestRuleInterceptor.intercept(TestRuleInterceptor.java:38)
	at org.spockframework.runtime.extension.MethodInvocation.proceed(MethodInvocation.java:87)
	at org.spockframework.runtime.extension.MethodInvocation.proceed(MethodInvocation.java:88)
	at org.spockframework.runtime.extension.builtin.AbstractRuleInterceptor$1.evaluate(AbstractRuleInterceptor.java:37)
	at grails.test.runtime.TestRuntimeJunitAdapter$3$4.evaluate(TestRuntimeJunitAdapter.groovy:76)
	at org.spockframework.runtime.extension.builtin.ClassRuleInterceptor.intercept(ClassRuleInterceptor.java:38)
	at org.spockframework.runtime.extension.MethodInvocation.proceed(MethodInvocation.java:87)
2016-03-18 16:15:30,116 [main] ERROR StackTrace  - Full Stack Trace:
org.grails.datastore.mapping.model.IllegalMappingException: Mapped identifier [id] for class [grails.test.mixin.support.GrailsUnitTestMixin] is not a valid property
	at org.grails.datastore.mapping.model.config.GormMappingConfigurationStrategy.getIdentity(GormMappingConfigurationStrategy.java:809)
	at org.grails.datastore.mapping.model.AbstractPersistentEntity.resolveIdentifier(AbstractPersistentEntity.java:125)
	at org.grails.datastore.mapping.model.AbstractPersistentEntity.initialize(AbstractPersistentEntity.java:88)
	at org.grails.datastore.mapping.model.AbstractMappingContext.initializePersistentEntity(AbstractMappingContext.java:250)
	at org.grails.datastore.mapping.model.AbstractMappingContext.addPersistentEntities(AbstractMappingContext.java:183)
	at grails.test.mixin.domain.DomainClassUnitTestMixin.mockDomains(DomainClassUnitTestMixin.groovy:86)
	at grails.test.mixin.domain.DomainClassUnitTestMixin.mockDomain(DomainClassUnitTestMixin.groovy:119)
	at grails.test.mixin.domain.DomainClassUnitTestMixin.mockDomain(DomainClassUnitTestMixin.groovy:118)
	at org.spockframework.util.ReflectionUtil.invokeMethod(ReflectionUtil.java:153)
	at org.spockframework.runtime.model.MethodInfo.invoke(MethodInfo.java:84)
	at org.spockframework.runtime.extension.MethodInvocation.proceed(MethodInvocation.java:88)
	at org.spockframework.runtime.extension.builtin.AbstractRuleInterceptor$1.evaluate(AbstractRuleInterceptor.java:37)
	at grails.test.runtime.TestRuntimeJunitAdapter$1$2.evaluate(TestRuntimeJunitAdapter.groovy:49)
	at org.spockframework.runtime.extension.builtin.TestRuleInterceptor.intercept(TestRuleInterceptor.java:38)
	at org.spockframework.runtime.extension.MethodInvocation.proceed(MethodInvocation.java:87)
	at org.spockframework.runtime.extension.MethodInvocation.proceed(MethodInvocation.java:88)
	at org.spockframework.runtime.extension.builtin.AbstractRuleInterceptor$1.evaluate(AbstractRuleInterceptor.java:37)
	at grails.test.runtime.TestRuntimeJunitAdapter$3$4.evaluate(TestRuntimeJunitAdapter.groovy:76)
	at org.spockframework.runtime.extension.builtin.ClassRuleInterceptor.intercept(ClassRuleInterceptor.java:38)
	at org.spockframework.runtime.extension.MethodInvocation.proceed(MethodInvocation.java:87)
2016-03-18 16:21:46,597 [main] ERROR StackTrace  - Full Stack Trace:
java.lang.NoClassDefFoundError: DataSource$_run_closure3$_closure5$_closure8
	at DataSource$_run_closure3$_closure5.doCall(DataSource.groovy:26)
	at DataSource$_run_closure3$_closure5.doCall(DataSource.groovy)
	at sun.reflect.NativeMethodAccessorImpl.invoke0(Native Method)
	at sun.reflect.NativeMethodAccessorImpl.invoke(NativeMethodAccessorImpl.java:62)
	at sun.reflect.DelegatingMethodAccessorImpl.invoke(DelegatingMethodAccessorImpl.java:43)
	at java.lang.reflect.Method.invoke(Method.java:497)
	at org.springsource.loaded.ri.ReflectiveInterceptor.jlrMethodInvoke(ReflectiveInterceptor.java:1426)
	at org.codehaus.groovy.runtime.callsite.PogoMetaMethodSite$PogoCachedMethodSiteNoUnwrapNoCoerce.invoke(PogoMetaMethodSite.java:210)
	at org.codehaus.groovy.runtime.callsite.PogoMetaMethodSite.call(PogoMetaMethodSite.java:71)
	at org.codehaus.groovy.runtime.callsite.CallSiteArray.defaultCall(CallSiteArray.java:48)
	at org.codehaus.groovy.runtime.callsite.AbstractCallSite.call(AbstractCallSite.java:113)
	at org.codehaus.groovy.runtime.callsite.AbstractCallSite.call(AbstractCallSite.java:117)
	at groovy.util.ConfigSlurper$_parse_closure5.doCall(ConfigSlurper.groovy:240)
	at sun.reflect.GeneratedMethodAccessor55.invoke(Unknown Source)
	at sun.reflect.DelegatingMethodAccessorImpl.invoke(DelegatingMethodAccessorImpl.java:43)
	at java.lang.reflect.Method.invoke(Method.java:497)
	at org.springsource.loaded.ri.ReflectiveInterceptor.jlrMethodInvoke(ReflectiveInterceptor.java:1426)
	at org.codehaus.groovy.reflection.CachedMethod.invoke(CachedMethod.java:93)
	at org.codehaus.groovy.runtime.metaclass.ClosureMetaMethod.invoke(ClosureMetaMethod.java:84)
	at groovy.lang.ExpandoMetaClass.invokeMethod(ExpandoMetaClass.java:1121)
	at groovy.lang.MetaClassImpl.invokeMethod(MetaClassImpl.java:1019)
	at groovy.lang.MetaClassImpl.invokeMethod(MetaClassImpl.java:810)
	at groovy.lang.GroovyObjectSupport.invokeMethod(GroovyObjectSupport.java:46)
	at groovy.lang.Script.invokeMethod(Script.java:80)
	at DataSource.invokeMethod(DataSource.groovy)
	at groovy.lang.MetaClassImpl.invokeMethodOnGroovyObject(MetaClassImpl.java:1275)
	at groovy.lang.MetaClassImpl.invokeMethod(MetaClassImpl.java:1169)
	at groovy.lang.ExpandoMetaClass.invokeMethod(ExpandoMetaClass.java:1123)
	at groovy.lang.MetaClassImpl.invokeMethod(MetaClassImpl.java:1019)
	at org.codehaus.groovy.runtime.callsite.PogoMetaClassSite.callCurrent(PogoMetaClassSite.java:69)
	at org.codehaus.groovy.runtime.callsite.AbstractCallSite.callCurrent(AbstractCallSite.java:166)
	at DataSource$_run_closure3.doCall(DataSource.groovy:25)
	at DataSource$_run_closure3.doCall(DataSource.groovy)
	at sun.reflect.NativeMethodAccessorImpl.invoke0(Native Method)
	at sun.reflect.NativeMethodAccessorImpl.invoke(NativeMethodAccessorImpl.java:62)
	at sun.reflect.DelegatingMethodAccessorImpl.invoke(DelegatingMethodAccessorImpl.java:43)
	at java.lang.reflect.Method.invoke(Method.java:497)
	at org.springsource.loaded.ri.ReflectiveInterceptor.jlrMethodInvoke(ReflectiveInterceptor.java:1426)
	at org.codehaus.groovy.runtime.callsite.PogoMetaMethodSite$PogoCachedMethodSiteNoUnwrapNoCoerce.invoke(PogoMetaMethodSite.java:210)
	at org.codehaus.groovy.runtime.callsite.PogoMetaMethodSite.call(PogoMetaMethodSite.java:71)
	at org.codehaus.groovy.runtime.callsite.CallSiteArray.defaultCall(CallSiteArray.java:48)
	at org.codehaus.groovy.runtime.callsite.PogoMetaMethodSite.call(PogoMetaMethodSite.java:76)
	at org.codehaus.groovy.runtime.callsite.AbstractCallSite.call(AbstractCallSite.java:117)
	at groovy.util.ConfigSlurper$_parse_closure5.doCall(ConfigSlurper.groovy:223)
	at sun.reflect.GeneratedMethodAccessor55.invoke(Unknown Source)
	at sun.reflect.DelegatingMethodAccessorImpl.invoke(DelegatingMethodAccessorImpl.java:43)
	at java.lang.reflect.Method.invoke(Method.java:497)
	at org.springsource.loaded.ri.ReflectiveInterceptor.jlrMethodInvoke(ReflectiveInterceptor.java:1426)
	at org.codehaus.groovy.reflection.CachedMethod.invoke(CachedMethod.java:93)
	at org.codehaus.groovy.runtime.metaclass.ClosureMetaMethod.invoke(ClosureMetaMethod.java:84)
	at groovy.lang.ExpandoMetaClass.invokeMethod(ExpandoMetaClass.java:1121)
	at groovy.lang.MetaClassImpl.invokeMethod(MetaClassImpl.java:1019)
	at org.codehaus.groovy.runtime.callsite.PogoMetaClassSite.callCurrent(PogoMetaClassSite.java:69)
	at org.codehaus.groovy.runtime.callsite.CallSiteArray.defaultCallCurrent(CallSiteArray.java:52)
	at org.codehaus.groovy.runtime.callsite.PogoMetaClassSite.callCurrent(PogoMetaClassSite.java:84)
	at org.codehaus.groovy.runtime.callsite.AbstractCallSite.callCurrent(AbstractCallSite.java:166)
	at DataSource.run(DataSource.groovy:18)
	at sun.reflect.NativeMethodAccessorImpl.invoke0(Native Method)
	at sun.reflect.NativeMethodAccessorImpl.invoke(NativeMethodAccessorImpl.java:62)
	at sun.reflect.DelegatingMethodAccessorImpl.invoke(DelegatingMethodAccessorImpl.java:43)
	at java.lang.reflect.Method.invoke(Method.java:497)
	at org.springsource.loaded.ri.ReflectiveInterceptor.jlrMethodInvoke(ReflectiveInterceptor.java:1426)
	at org.codehaus.groovy.reflection.CachedMethod.invoke(CachedMethod.java:93)
	at org.codehaus.groovy.reflection.CachedMethod$invoke.call(Unknown Source)
	at org.codehaus.groovy.runtime.callsite.CallSiteArray.defaultCall(CallSiteArray.java:48)
	at org.codehaus.groovy.reflection.CachedMethod$invoke.call(Unknown Source)
	at groovy.util.ConfigSlurper$_parse_closure5.doCall(ConfigSlurper.groovy:268)
	at sun.reflect.GeneratedMethodAccessor55.invoke(Unknown Source)
	at sun.reflect.DelegatingMethodAccessorImpl.invoke(DelegatingMethodAccessorImpl.java:43)
	at java.lang.reflect.Method.invoke(Method.java:497)
	at org.springsource.loaded.ri.ReflectiveInterceptor.jlrMethodInvoke(ReflectiveInterceptor.java:1426)
	at org.codehaus.groovy.reflection.CachedMethod.invoke(CachedMethod.java:93)
	at org.codehaus.groovy.runtime.metaclass.ClosureMetaMethod.invoke(ClosureMetaMethod.java:84)
	at groovy.lang.ExpandoMetaClass.invokeMethod(ExpandoMetaClass.java:1121)
	at groovy.lang.MetaClassImpl.invokeMethod(MetaClassImpl.java:1019)
	at org.codehaus.groovy.runtime.callsite.PogoMetaClassSite.call(PogoMetaClassSite.java:42)
	at org.codehaus.groovy.runtime.callsite.CallSiteArray.defaultCall(CallSiteArray.java:48)
	at org.codehaus.groovy.runtime.callsite.PogoMetaClassSite.call(PogoMetaClassSite.java:57)
	at org.codehaus.groovy.runtime.callsite.AbstractCallSite.call(AbstractCallSite.java:117)
	at groovy.util.ConfigSlurper.parse(ConfigSlurper.groovy:286)
	at groovy.util.ConfigSlurper$parse.callCurrent(Unknown Source)
	at org.codehaus.groovy.runtime.callsite.CallSiteArray.defaultCallCurrent(CallSiteArray.java:52)
	at groovy.util.ConfigSlurper$parse.callCurrent(Unknown Source)
	at groovy.util.ConfigSlurper.parse(ConfigSlurper.groovy:160)
	at groovy.util.ConfigSlurper$parse$0.callCurrent(Unknown Source)
	at org.codehaus.groovy.runtime.callsite.CallSiteArray.defaultCallCurrent(CallSiteArray.java:52)
	at groovy.util.ConfigSlurper$parse$0.callCurrent(Unknown Source)
	at groovy.util.ConfigSlurper.parse(ConfigSlurper.groovy:150)
	at org.codehaus.groovy.grails.commons.cfg.ConfigurationHelper.loadConfigFromClasspath(ConfigurationHelper.groovy:95)
	at org.codehaus.groovy.grails.commons.cfg.ConfigurationHelper.loadConfigFromClasspath(ConfigurationHelper.groovy)
	at org.codehaus.groovy.grails.commons.DefaultGrailsApplication.getConfig(DefaultGrailsApplication.java:286)
	at org.codehaus.groovy.grails.commons.DomainClassArtefactHandler.setGrailsApplication(DomainClassArtefactHandler.java:47)
	at org.codehaus.groovy.grails.plugins.support.aware.GrailsApplicationAwareBeanPostProcessor.processAwareInterfaces(GrailsApplicationAwareBeanPostProcessor.java:46)
	at org.codehaus.groovy.grails.commons.DefaultGrailsApplication.registerArtefactHandler(DefaultGrailsApplication.java:513)
	at org.codehaus.groovy.grails.commons.DefaultGrailsApplication.initArtefactHandlers(DefaultGrailsApplication.java:163)
	at org.codehaus.groovy.grails.commons.DefaultGrailsApplication.configureLoadedClasses(DefaultGrailsApplication.java:223)
	at org.codehaus.groovy.grails.commons.DefaultGrailsApplication.initialise(DefaultGrailsApplication.java:682)
	at grails.test.runtime.GrailsApplicationTestPlugin.createGrailsApplication(GrailsApplicationTestPlugin.groovy:164)
	at grails.test.runtime.GrailsApplicationTestPlugin.initGrailsApplication(GrailsApplicationTestPlugin.groovy:91)
	at grails.test.runtime.GrailsApplicationTestPlugin.onTestEvent(GrailsApplicationTestPlugin.groovy:327)
	at grails.test.runtime.TestRuntime.deliverEvent(TestRuntime.groovy:295)
	at grails.test.runtime.TestRuntime.executeEventLoop(TestRuntime.groovy:280)
	at grails.test.runtime.TestRuntime.processEvents(TestRuntime.groovy:265)
	at grails.test.runtime.TestRuntime.doPublishEvent(TestRuntime.groovy:238)
	at grails.test.runtime.TestRuntime.publishEvent(TestRuntime.groovy:211)
	at grails.test.runtime.TestRuntime.getValue(TestRuntime.groovy:122)
	at grails.test.runtime.GrailsApplicationTestPlugin.onTestEvent(GrailsApplicationTestPlugin.groovy:320)
	at grails.test.runtime.TestRuntime.deliverEvent(TestRuntime.groovy:295)
	at grails.test.runtime.TestRuntime.processEvents(TestRuntime.groovy:264)
	at grails.test.runtime.TestRuntime.doPublishEvent(TestRuntime.groovy:248)
	at grails.test.runtime.TestRuntime.publishEvent(TestRuntime.groovy:211)
	at grails.test.runtime.TestRuntime$publishEvent.call(Unknown Source)
	at org.codehaus.groovy.runtime.callsite.CallSiteArray.defaultCall(CallSiteArray.java:48)
	at org.codehaus.groovy.runtime.callsite.AbstractCallSite.call(AbstractCallSite.java:113)
	at org.codehaus.groovy.runtime.callsite.AbstractCallSite.call(AbstractCallSite.java:141)
	at grails.test.runtime.TestRuntimeJunitAdapter.before(TestRuntimeJunitAdapter.groovy:109)
	at sun.reflect.NativeMethodAccessorImpl.invoke0(Native Method)
	at sun.reflect.NativeMethodAccessorImpl.invoke(NativeMethodAccessorImpl.java:62)
	at sun.reflect.DelegatingMethodAccessorImpl.invoke(DelegatingMethodAccessorImpl.java:43)
	at java.lang.reflect.Method.invoke(Method.java:497)
	at org.springsource.loaded.ri.ReflectiveInterceptor.jlrMethodInvoke(ReflectiveInterceptor.java:1426)
	at org.codehaus.groovy.reflection.CachedMethod.invoke(CachedMethod.java:93)
	at groovy.lang.MetaMethod.doMethodInvoke(MetaMethod.java:325)
	at groovy.lang.MetaClassImpl.invokeMethod(MetaClassImpl.java:1210)
	at groovy.lang.ExpandoMetaClass.invokeMethod(ExpandoMetaClass.java:1123)
	at org.codehaus.groovy.runtime.ScriptBytecodeAdapter.invokeMethodOnCurrentN(ScriptBytecodeAdapter.java:82)
	at grails.test.runtime.TestRuntimeJunitAdapter.this$dist$invoke$1(TestRuntimeJunitAdapter.groovy)
	at grails.test.runtime.TestRuntimeJunitAdapter$1.methodMissing(TestRuntimeJunitAdapter.groovy)
	at sun.reflect.NativeMethodAccessorImpl.invoke0(Native Method)
	at sun.reflect.NativeMethodAccessorImpl.invoke(NativeMethodAccessorImpl.java:62)
	at sun.reflect.DelegatingMethodAccessorImpl.invoke(DelegatingMethodAccessorImpl.java:43)
	at java.lang.reflect.Method.invoke(Method.java:497)
	at org.springsource.loaded.ri.ReflectiveInterceptor.jlrMethodInvoke(ReflectiveInterceptor.java:1426)
	at org.codehaus.groovy.reflection.CachedMethod.invoke(CachedMethod.java:93)
	at groovy.lang.MetaClassImpl.invokeMissingMethod(MetaClassImpl.java:936)
	at groovy.lang.MetaClassImpl.invokePropertyOrMissing(MetaClassImpl.java:1259)
	at groovy.lang.MetaClassImpl.invokeMethod(MetaClassImpl.java:1212)
	at groovy.lang.ExpandoMetaClass.invokeMethod(ExpandoMetaClass.java:1123)
	at org.codehaus.groovy.runtime.ScriptBytecodeAdapter.invokeMethodOnCurrentN(ScriptBytecodeAdapter.java:82)
	at grails.test.runtime.TestRuntimeJunitAdapter$1.this$dist$invoke$1(TestRuntimeJunitAdapter.groovy)
	at grails.test.runtime.TestRuntimeJunitAdapter$1$2.methodMissing(TestRuntimeJunitAdapter.groovy)
	at sun.reflect.NativeMethodAccessorImpl.invoke0(Native Method)
	at sun.reflect.NativeMethodAccessorImpl.invoke(NativeMethodAccessorImpl.java:62)
	at sun.reflect.DelegatingMethodAccessorImpl.invoke(DelegatingMethodAccessorImpl.java:43)
	at java.lang.reflect.Method.invoke(Method.java:497)
	at org.springsource.loaded.ri.ReflectiveInterceptor.jlrMethodInvoke(ReflectiveInterceptor.java:1426)
	at org.codehaus.groovy.reflection.CachedMethod.invoke(CachedMethod.java:93)
	at groovy.lang.MetaClassImpl.invokeMissingMethod(MetaClassImpl.java:936)
	at groovy.lang.MetaClassImpl.invokePropertyOrMissing(MetaClassImpl.java:1259)
	at groovy.lang.MetaClassImpl.invokeMethod(MetaClassImpl.java:1212)
	at groovy.lang.ExpandoMetaClass.invokeMethod(ExpandoMetaClass.java:1123)
	at groovy.lang.MetaClassImpl.invokeMethod(MetaClassImpl.java:1019)
	at org.codehaus.groovy.runtime.callsite.PogoMetaClassSite.callCurrent(PogoMetaClassSite.java:69)
	at org.codehaus.groovy.runtime.callsite.CallSiteArray.defaultCallCurrent(CallSiteArray.java:52)
	at org.codehaus.groovy.runtime.callsite.AbstractCallSite.callCurrent(AbstractCallSite.java:154)
	at org.codehaus.groovy.runtime.callsite.AbstractCallSite.callCurrent(AbstractCallSite.java:182)
	at grails.test.runtime.TestRuntimeJunitAdapter$1$2.evaluate(TestRuntimeJunitAdapter.groovy:47)
	at org.spockframework.runtime.extension.builtin.TestRuleInterceptor.intercept(TestRuleInterceptor.java:38)
	at org.spockframework.runtime.extension.MethodInvocation.proceed(MethodInvocation.java:87)
	at org.spockframework.runtime.BaseSpecRunner.invoke(BaseSpecRunner.java:471)
	at org.spockframework.runtime.BaseSpecRunner.runIteration(BaseSpecRunner.java:288)
	at org.spockframework.runtime.BaseSpecRunner.initializeAndRunIteration(BaseSpecRunner.java:278)
	at org.spockframework.runtime.BaseSpecRunner.runSimpleFeature(BaseSpecRunner.java:269)
	at org.spockframework.runtime.BaseSpecRunner.doRunFeature(BaseSpecRunner.java:263)
	at org.spockframework.runtime.BaseSpecRunner$5.invoke(BaseSpecRunner.java:246)
	at org.spockframework.runtime.BaseSpecRunner.invokeRaw(BaseSpecRunner.java:480)
	at org.spockframework.runtime.BaseSpecRunner.invoke(BaseSpecRunner.java:463)
	at org.spockframework.runtime.BaseSpecRunner.runFeature(BaseSpecRunner.java:238)
	at org.spockframework.runtime.BaseSpecRunner.runFeatures(BaseSpecRunner.java:188)
	at org.spockframework.runtime.BaseSpecRunner.doRunSpec(BaseSpecRunner.java:98)
	at org.spockframework.runtime.BaseSpecRunner$1.invoke(BaseSpecRunner.java:84)
	at org.spockframework.runtime.extension.MethodInvocation.proceed(MethodInvocation.java:88)
	at org.spockframework.runtime.extension.builtin.AbstractRuleInterceptor$1.evaluate(AbstractRuleInterceptor.java:37)
	at sun.reflect.NativeMethodAccessorImpl.invoke0(Native Method)
	at sun.reflect.NativeMethodAccessorImpl.invoke(NativeMethodAccessorImpl.java:62)
	at sun.reflect.DelegatingMethodAccessorImpl.invoke(DelegatingMethodAccessorImpl.java:43)
	at java.lang.reflect.Method.invoke(Method.java:497)
	at org.springsource.loaded.ri.ReflectiveInterceptor.jlrMethodInvoke(ReflectiveInterceptor.java:1426)
	at org.codehaus.groovy.runtime.callsite.PojoMetaMethodSite$PojoCachedMethodSiteNoUnwrapNoCoerce.invoke(PojoMetaMethodSite.java:233)
	at org.codehaus.groovy.runtime.callsite.PojoMetaMethodSite.call(PojoMetaMethodSite.java:56)
	at org.codehaus.groovy.runtime.callsite.CallSiteArray.defaultCall(CallSiteArray.java:48)
	at org.codehaus.groovy.runtime.callsite.AbstractCallSite.call(AbstractCallSite.java:113)
	at org.codehaus.groovy.runtime.callsite.AbstractCallSite.call(AbstractCallSite.java:117)
	at grails.test.runtime.TestRuntimeJunitAdapter$3$4.evaluate(TestRuntimeJunitAdapter.groovy:76)
	at org.spockframework.runtime.extension.builtin.ClassRuleInterceptor.intercept(ClassRuleInterceptor.java:38)
	at org.spockframework.runtime.extension.MethodInvocation.proceed(MethodInvocation.java:87)
	at org.spockframework.runtime.BaseSpecRunner.invoke(BaseSpecRunner.java:471)
	at org.spockframework.runtime.BaseSpecRunner.runSpec(BaseSpecRunner.java:76)
	at org.spockframework.runtime.BaseSpecRunner.run(BaseSpecRunner.java:67)
	at org.spockframework.runtime.Sputnik.run(Sputnik.java:63)
	at org.junit.runners.Suite.runChild(Suite.java:128)
	at org.junit.runners.Suite.runChild(Suite.java:27)
	at org.junit.runners.ParentRunner$3.run(ParentRunner.java:290)
	at org.junit.runners.ParentRunner$1.schedule(ParentRunner.java:71)
	at org.junit.runners.ParentRunner.runChildren(ParentRunner.java:288)
	at org.junit.runners.ParentRunner.access$000(ParentRunner.java:58)
	at org.junit.runners.ParentRunner$2.evaluate(ParentRunner.java:268)
	at org.junit.runners.ParentRunner.run(ParentRunner.java:363)
	at org.junit.runner.JUnitCore.run(JUnitCore.java:137)
	at org.junit.runner.JUnitCore.run(JUnitCore.java:115)
	at org.junit.runner.JUnitCore$run$0.call(Unknown Source)
	at org.codehaus.groovy.runtime.callsite.CallSiteArray.defaultCall(CallSiteArray.java:48)
	at org.codehaus.groovy.runtime.callsite.AbstractCallSite.call(AbstractCallSite.java:113)
	at org.codehaus.groovy.runtime.callsite.AbstractCallSite.call(AbstractCallSite.java:125)
	at org.codehaus.groovy.grails.test.spock.GrailsSpecTestType.doRun(GrailsSpecTestType.groovy:147)
	at org.codehaus.groovy.grails.test.support.GrailsTestTypeSupport.run(GrailsTestTypeSupport.groovy:121)
	at org.codehaus.groovy.grails.test.runner.GrailsProjectTestRunner.runTests(GrailsProjectTestRunner.groovy:416)
	at org.codehaus.groovy.grails.test.runner.GrailsProjectTestRunner.processTests(GrailsProjectTestRunner.groovy:396)
	at sun.reflect.NativeMethodAccessorImpl.invoke0(Native Method)
	at sun.reflect.NativeMethodAccessorImpl.invoke(NativeMethodAccessorImpl.java:62)
	at sun.reflect.DelegatingMethodAccessorImpl.invoke(DelegatingMethodAccessorImpl.java:43)
	at java.lang.reflect.Method.invoke(Method.java:497)
	at org.springsource.loaded.ri.ReflectiveInterceptor.jlrMethodInvoke(ReflectiveInterceptor.java:1426)
	at org.codehaus.groovy.reflection.CachedMethod.invoke(CachedMethod.java:93)
	at groovy.lang.MetaMethod.doMethodInvoke(MetaMethod.java:325)
	at groovy.lang.MetaClassImpl.invokeMethod(MetaClassImpl.java:1210)
	at groovy.lang.ExpandoMetaClass.invokeMethod(ExpandoMetaClass.java:1123)
	at groovy.lang.MetaClassImpl.invokeMethod(MetaClassImpl.java:1019)
	at groovy.lang.MetaClassImpl.invokeMethod(MetaClassImpl.java:1155)
	at groovy.lang.ExpandoMetaClass.invokeMethod(ExpandoMetaClass.java:1123)
	at groovy.lang.MetaClassImpl.invokeMethod(MetaClassImpl.java:1019)
	at org.codehaus.groovy.runtime.callsite.PogoMetaClassSite.callCurrent(PogoMetaClassSite.java:69)
	at org.codehaus.groovy.runtime.callsite.CallSiteArray.defaultCallCurrent(CallSiteArray.java:52)
	at org.codehaus.groovy.runtime.callsite.AbstractCallSite.callCurrent(AbstractCallSite.java:154)
	at org.codehaus.groovy.runtime.callsite.AbstractCallSite.callCurrent(AbstractCallSite.java:166)
	at org.codehaus.groovy.grails.test.runner.GrailsProjectTestRunner$_runAllTests_closure7.doCall(GrailsProjectTestRunner.groovy:314)
	at sun.reflect.NativeMethodAccessorImpl.invoke0(Native Method)
	at sun.reflect.NativeMethodAccessorImpl.invoke(NativeMethodAccessorImpl.java:62)
	at sun.reflect.DelegatingMethodAccessorImpl.invoke(DelegatingMethodAccessorImpl.java:43)
	at java.lang.reflect.Method.invoke(Method.java:497)
	at org.springsource.loaded.ri.ReflectiveInterceptor.jlrMethodInvoke(ReflectiveInterceptor.java:1426)
	at org.codehaus.groovy.reflection.CachedMethod.invoke(CachedMethod.java:93)
	at groovy.lang.MetaMethod.doMethodInvoke(MetaMethod.java:325)
	at groovy.lang.MetaClassImpl.invokeMethod(MetaClassImpl.java:1210)
	at groovy.lang.ExpandoMetaClass.invokeMethod(ExpandoMetaClass.java:1123)
	at groovy.lang.MetaClassImpl.invokeMethod(MetaClassImpl.java:1019)
	at groovy.lang.Closure.call(Closure.java:426)
	at org.codehaus.groovy.runtime.DefaultGroovyMethods.callClosureForMapEntry(DefaultGroovyMethods.java:5226)
	at org.codehaus.groovy.runtime.DefaultGroovyMethods.each(DefaultGroovyMethods.java:2107)
	at org.codehaus.groovy.runtime.dgm$163.invoke(Unknown Source)
	at org.codehaus.groovy.runtime.callsite.PojoMetaMethodSite$PojoMetaMethodSiteNoUnwrapNoCoerce.invoke(PojoMetaMethodSite.java:274)
	at org.codehaus.groovy.runtime.callsite.PojoMetaMethodSite.call(PojoMetaMethodSite.java:56)
	at org.codehaus.groovy.runtime.callsite.CallSiteArray.defaultCall(CallSiteArray.java:48)
	at org.codehaus.groovy.runtime.callsite.AbstractCallSite.call(AbstractCallSite.java:113)
	at org.codehaus.groovy.runtime.callsite.AbstractCallSite.call(AbstractCallSite.java:125)
	at org.codehaus.groovy.grails.test.runner.GrailsProjectTestRunner.runAllTests(GrailsProjectTestRunner.groovy:300)
	at org.codehaus.groovy.grails.test.runner.GrailsProjectTestRunner.runAllTests(GrailsProjectTestRunner.groovy:215)
	at org.codehaus.groovy.grails.test.runner.GrailsProjectTestRunner.runAllTests(GrailsProjectTestRunner.groovy)
	at org.codehaus.groovy.grails.test.runner.GrailsProjectTestRunner$runAllTests$0.call(Unknown Source)
	at org.codehaus.groovy.runtime.callsite.CallSiteArray.defaultCall(CallSiteArray.java:48)
	at org.codehaus.groovy.runtime.callsite.AbstractCallSite.call(AbstractCallSite.java:113)
	at org.codehaus.groovy.runtime.callsite.AbstractCallSite.call(AbstractCallSite.java:125)
	at org.codehaus.groovy.grails.cli.fork.testing.ForkedGrailsTestRunner.runInstance(ForkedGrailsTestRunner.groovy:128)
	at org.codehaus.groovy.grails.cli.fork.ForkedGrailsProjectClassExecutor.run(ForkedGrailsProjectClassExecutor.groovy:74)
	at org.codehaus.groovy.grails.cli.fork.testing.ForkedGrailsTestRunner.main(ForkedGrailsTestRunner.groovy:75)
Caused by: java.lang.ClassNotFoundException: DataSource$_run_closure3$_closure5$_closure8
	at java.net.URLClassLoader.findClass(URLClassLoader.java:381)
	at java.lang.ClassLoader.loadClass(ClassLoader.java:424)
	at groovy.lang.GroovyClassLoader.loadClass(GroovyClassLoader.java:677)
	at groovy.lang.GroovyClassLoader.loadClass(GroovyClassLoader.java:787)
	at groovy.lang.GroovyClassLoader.loadClass(GroovyClassLoader.java:775)
	... 255 more
2016-03-18 16:21:46,618 [main] ERROR StackTrace  - Full Stack Trace:
java.lang.ClassNotFoundException: DataSource$_run_closure3$_closure5$_closure8
	at java.net.URLClassLoader.findClass(URLClassLoader.java:381)
	at java.lang.ClassLoader.loadClass(ClassLoader.java:424)
	at groovy.lang.GroovyClassLoader.loadClass(GroovyClassLoader.java:677)
	at groovy.lang.GroovyClassLoader.loadClass(GroovyClassLoader.java:787)
	at groovy.lang.GroovyClassLoader.loadClass(GroovyClassLoader.java:775)
	at DataSource$_run_closure3$_closure5.doCall(DataSource.groovy:26)
	at DataSource$_run_closure3$_closure5.doCall(DataSource.groovy)
	at sun.reflect.NativeMethodAccessorImpl.invoke0(Native Method)
	at sun.reflect.NativeMethodAccessorImpl.invoke(NativeMethodAccessorImpl.java:62)
	at sun.reflect.DelegatingMethodAccessorImpl.invoke(DelegatingMethodAccessorImpl.java:43)
	at java.lang.reflect.Method.invoke(Method.java:497)
	at org.springsource.loaded.ri.ReflectiveInterceptor.jlrMethodInvoke(ReflectiveInterceptor.java:1426)
	at org.codehaus.groovy.runtime.callsite.PogoMetaMethodSite$PogoCachedMethodSiteNoUnwrapNoCoerce.invoke(PogoMetaMethodSite.java:210)
	at org.codehaus.groovy.runtime.callsite.PogoMetaMethodSite.call(PogoMetaMethodSite.java:71)
	at org.codehaus.groovy.runtime.callsite.CallSiteArray.defaultCall(CallSiteArray.java:48)
	at org.codehaus.groovy.runtime.callsite.AbstractCallSite.call(AbstractCallSite.java:113)
	at org.codehaus.groovy.runtime.callsite.AbstractCallSite.call(AbstractCallSite.java:117)
	at groovy.util.ConfigSlurper$_parse_closure5.doCall(ConfigSlurper.groovy:240)
	at sun.reflect.GeneratedMethodAccessor55.invoke(Unknown Source)
	at sun.reflect.DelegatingMethodAccessorImpl.invoke(DelegatingMethodAccessorImpl.java:43)
	at java.lang.reflect.Method.invoke(Method.java:497)
	at org.springsource.loaded.ri.ReflectiveInterceptor.jlrMethodInvoke(ReflectiveInterceptor.java:1426)
	at org.codehaus.groovy.reflection.CachedMethod.invoke(CachedMethod.java:93)
	at org.codehaus.groovy.runtime.metaclass.ClosureMetaMethod.invoke(ClosureMetaMethod.java:84)
	at groovy.lang.ExpandoMetaClass.invokeMethod(ExpandoMetaClass.java:1121)
	at groovy.lang.MetaClassImpl.invokeMethod(MetaClassImpl.java:1019)
	at groovy.lang.MetaClassImpl.invokeMethod(MetaClassImpl.java:810)
	at groovy.lang.GroovyObjectSupport.invokeMethod(GroovyObjectSupport.java:46)
	at groovy.lang.Script.invokeMethod(Script.java:80)
	at DataSource.invokeMethod(DataSource.groovy)
	at groovy.lang.MetaClassImpl.invokeMethodOnGroovyObject(MetaClassImpl.java:1275)
	at groovy.lang.MetaClassImpl.invokeMethod(MetaClassImpl.java:1169)
	at groovy.lang.ExpandoMetaClass.invokeMethod(ExpandoMetaClass.java:1123)
	at groovy.lang.MetaClassImpl.invokeMethod(MetaClassImpl.java:1019)
	at org.codehaus.groovy.runtime.callsite.PogoMetaClassSite.callCurrent(PogoMetaClassSite.java:69)
	at org.codehaus.groovy.runtime.callsite.AbstractCallSite.callCurrent(AbstractCallSite.java:166)
	at DataSource$_run_closure3.doCall(DataSource.groovy:25)
	at DataSource$_run_closure3.doCall(DataSource.groovy)
	at sun.reflect.NativeMethodAccessorImpl.invoke0(Native Method)
	at sun.reflect.NativeMethodAccessorImpl.invoke(NativeMethodAccessorImpl.java:62)
	at sun.reflect.DelegatingMethodAccessorImpl.invoke(DelegatingMethodAccessorImpl.java:43)
	at java.lang.reflect.Method.invoke(Method.java:497)
	at org.springsource.loaded.ri.ReflectiveInterceptor.jlrMethodInvoke(ReflectiveInterceptor.java:1426)
	at org.codehaus.groovy.runtime.callsite.PogoMetaMethodSite$PogoCachedMethodSiteNoUnwrapNoCoerce.invoke(PogoMetaMethodSite.java:210)
	at org.codehaus.groovy.runtime.callsite.PogoMetaMethodSite.call(PogoMetaMethodSite.java:71)
	at org.codehaus.groovy.runtime.callsite.CallSiteArray.defaultCall(CallSiteArray.java:48)
	at org.codehaus.groovy.runtime.callsite.PogoMetaMethodSite.call(PogoMetaMethodSite.java:76)
	at org.codehaus.groovy.runtime.callsite.AbstractCallSite.call(AbstractCallSite.java:117)
	at groovy.util.ConfigSlurper$_parse_closure5.doCall(ConfigSlurper.groovy:223)
	at sun.reflect.GeneratedMethodAccessor55.invoke(Unknown Source)
	at sun.reflect.DelegatingMethodAccessorImpl.invoke(DelegatingMethodAccessorImpl.java:43)
	at java.lang.reflect.Method.invoke(Method.java:497)
	at org.springsource.loaded.ri.ReflectiveInterceptor.jlrMethodInvoke(ReflectiveInterceptor.java:1426)
	at org.codehaus.groovy.reflection.CachedMethod.invoke(CachedMethod.java:93)
	at org.codehaus.groovy.runtime.metaclass.ClosureMetaMethod.invoke(ClosureMetaMethod.java:84)
	at groovy.lang.ExpandoMetaClass.invokeMethod(ExpandoMetaClass.java:1121)
	at groovy.lang.MetaClassImpl.invokeMethod(MetaClassImpl.java:1019)
	at org.codehaus.groovy.runtime.callsite.PogoMetaClassSite.callCurrent(PogoMetaClassSite.java:69)
	at org.codehaus.groovy.runtime.callsite.CallSiteArray.defaultCallCurrent(CallSiteArray.java:52)
	at org.codehaus.groovy.runtime.callsite.PogoMetaClassSite.callCurrent(PogoMetaClassSite.java:84)
	at org.codehaus.groovy.runtime.callsite.AbstractCallSite.callCurrent(AbstractCallSite.java:166)
	at DataSource.run(DataSource.groovy:18)
	at sun.reflect.NativeMethodAccessorImpl.invoke0(Native Method)
	at sun.reflect.NativeMethodAccessorImpl.invoke(NativeMethodAccessorImpl.java:62)
	at sun.reflect.DelegatingMethodAccessorImpl.invoke(DelegatingMethodAccessorImpl.java:43)
	at java.lang.reflect.Method.invoke(Method.java:497)
	at org.springsource.loaded.ri.ReflectiveInterceptor.jlrMethodInvoke(ReflectiveInterceptor.java:1426)
	at org.codehaus.groovy.reflection.CachedMethod.invoke(CachedMethod.java:93)
	at org.codehaus.groovy.reflection.CachedMethod$invoke.call(Unknown Source)
	at org.codehaus.groovy.runtime.callsite.CallSiteArray.defaultCall(CallSiteArray.java:48)
	at org.codehaus.groovy.reflection.CachedMethod$invoke.call(Unknown Source)
	at groovy.util.ConfigSlurper$_parse_closure5.doCall(ConfigSlurper.groovy:268)
	at sun.reflect.GeneratedMethodAccessor55.invoke(Unknown Source)
	at sun.reflect.DelegatingMethodAccessorImpl.invoke(DelegatingMethodAccessorImpl.java:43)
	at java.lang.reflect.Method.invoke(Method.java:497)
	at org.springsource.loaded.ri.ReflectiveInterceptor.jlrMethodInvoke(ReflectiveInterceptor.java:1426)
	at org.codehaus.groovy.reflection.CachedMethod.invoke(CachedMethod.java:93)
	at org.codehaus.groovy.runtime.metaclass.ClosureMetaMethod.invoke(ClosureMetaMethod.java:84)
	at groovy.lang.ExpandoMetaClass.invokeMethod(ExpandoMetaClass.java:1121)
	at groovy.lang.MetaClassImpl.invokeMethod(MetaClassImpl.java:1019)
	at org.codehaus.groovy.runtime.callsite.PogoMetaClassSite.call(PogoMetaClassSite.java:42)
	at org.codehaus.groovy.runtime.callsite.CallSiteArray.defaultCall(CallSiteArray.java:48)
	at org.codehaus.groovy.runtime.callsite.PogoMetaClassSite.call(PogoMetaClassSite.java:57)
	at org.codehaus.groovy.runtime.callsite.AbstractCallSite.call(AbstractCallSite.java:117)
	at groovy.util.ConfigSlurper.parse(ConfigSlurper.groovy:286)
	at groovy.util.ConfigSlurper$parse.callCurrent(Unknown Source)
	at org.codehaus.groovy.runtime.callsite.CallSiteArray.defaultCallCurrent(CallSiteArray.java:52)
	at groovy.util.ConfigSlurper$parse.callCurrent(Unknown Source)
	at groovy.util.ConfigSlurper.parse(ConfigSlurper.groovy:160)
	at groovy.util.ConfigSlurper$parse$0.callCurrent(Unknown Source)
	at org.codehaus.groovy.runtime.callsite.CallSiteArray.defaultCallCurrent(CallSiteArray.java:52)
	at groovy.util.ConfigSlurper$parse$0.callCurrent(Unknown Source)
	at groovy.util.ConfigSlurper.parse(ConfigSlurper.groovy:150)
	at org.codehaus.groovy.grails.commons.cfg.ConfigurationHelper.loadConfigFromClasspath(ConfigurationHelper.groovy:95)
	at org.codehaus.groovy.grails.commons.cfg.ConfigurationHelper.loadConfigFromClasspath(ConfigurationHelper.groovy)
	at org.codehaus.groovy.grails.commons.DefaultGrailsApplication.getConfig(DefaultGrailsApplication.java:286)
	at org.codehaus.groovy.grails.commons.DomainClassArtefactHandler.setGrailsApplication(DomainClassArtefactHandler.java:47)
	at org.codehaus.groovy.grails.plugins.support.aware.GrailsApplicationAwareBeanPostProcessor.processAwareInterfaces(GrailsApplicationAwareBeanPostProcessor.java:46)
	at org.codehaus.groovy.grails.commons.DefaultGrailsApplication.registerArtefactHandler(DefaultGrailsApplication.java:513)
	at org.codehaus.groovy.grails.commons.DefaultGrailsApplication.initArtefactHandlers(DefaultGrailsApplication.java:163)
	at org.codehaus.groovy.grails.commons.DefaultGrailsApplication.configureLoadedClasses(DefaultGrailsApplication.java:223)
	at org.codehaus.groovy.grails.commons.DefaultGrailsApplication.initialise(DefaultGrailsApplication.java:682)
	at grails.test.runtime.GrailsApplicationTestPlugin.createGrailsApplication(GrailsApplicationTestPlugin.groovy:164)
	at grails.test.runtime.GrailsApplicationTestPlugin.initGrailsApplication(GrailsApplicationTestPlugin.groovy:91)
	at grails.test.runtime.GrailsApplicationTestPlugin.onTestEvent(GrailsApplicationTestPlugin.groovy:327)
	at grails.test.runtime.TestRuntime.deliverEvent(TestRuntime.groovy:295)
	at grails.test.runtime.TestRuntime.executeEventLoop(TestRuntime.groovy:280)
	at grails.test.runtime.TestRuntime.processEvents(TestRuntime.groovy:265)
	at grails.test.runtime.TestRuntime.doPublishEvent(TestRuntime.groovy:238)
	at grails.test.runtime.TestRuntime.publishEvent(TestRuntime.groovy:211)
	at grails.test.runtime.TestRuntime.getValue(TestRuntime.groovy:122)
	at grails.test.runtime.GrailsApplicationTestPlugin.onTestEvent(GrailsApplicationTestPlugin.groovy:320)
	at grails.test.runtime.TestRuntime.deliverEvent(TestRuntime.groovy:295)
	at grails.test.runtime.TestRuntime.processEvents(TestRuntime.groovy:264)
	at grails.test.runtime.TestRuntime.doPublishEvent(TestRuntime.groovy:248)
	at grails.test.runtime.TestRuntime.publishEvent(TestRuntime.groovy:211)
	at grails.test.runtime.TestRuntime$publishEvent.call(Unknown Source)
	at org.codehaus.groovy.runtime.callsite.CallSiteArray.defaultCall(CallSiteArray.java:48)
	at org.codehaus.groovy.runtime.callsite.AbstractCallSite.call(AbstractCallSite.java:113)
	at org.codehaus.groovy.runtime.callsite.AbstractCallSite.call(AbstractCallSite.java:141)
	at grails.test.runtime.TestRuntimeJunitAdapter.before(TestRuntimeJunitAdapter.groovy:109)
	at sun.reflect.NativeMethodAccessorImpl.invoke0(Native Method)
	at sun.reflect.NativeMethodAccessorImpl.invoke(NativeMethodAccessorImpl.java:62)
	at sun.reflect.DelegatingMethodAccessorImpl.invoke(DelegatingMethodAccessorImpl.java:43)
	at java.lang.reflect.Method.invoke(Method.java:497)
	at org.springsource.loaded.ri.ReflectiveInterceptor.jlrMethodInvoke(ReflectiveInterceptor.java:1426)
	at org.codehaus.groovy.reflection.CachedMethod.invoke(CachedMethod.java:93)
	at groovy.lang.MetaMethod.doMethodInvoke(MetaMethod.java:325)
	at groovy.lang.MetaClassImpl.invokeMethod(MetaClassImpl.java:1210)
	at groovy.lang.ExpandoMetaClass.invokeMethod(ExpandoMetaClass.java:1123)
	at org.codehaus.groovy.runtime.ScriptBytecodeAdapter.invokeMethodOnCurrentN(ScriptBytecodeAdapter.java:82)
	at grails.test.runtime.TestRuntimeJunitAdapter.this$dist$invoke$1(TestRuntimeJunitAdapter.groovy)
	at grails.test.runtime.TestRuntimeJunitAdapter$1.methodMissing(TestRuntimeJunitAdapter.groovy)
	at sun.reflect.NativeMethodAccessorImpl.invoke0(Native Method)
	at sun.reflect.NativeMethodAccessorImpl.invoke(NativeMethodAccessorImpl.java:62)
	at sun.reflect.DelegatingMethodAccessorImpl.invoke(DelegatingMethodAccessorImpl.java:43)
	at java.lang.reflect.Method.invoke(Method.java:497)
	at org.springsource.loaded.ri.ReflectiveInterceptor.jlrMethodInvoke(ReflectiveInterceptor.java:1426)
	at org.codehaus.groovy.reflection.CachedMethod.invoke(CachedMethod.java:93)
	at groovy.lang.MetaClassImpl.invokeMissingMethod(MetaClassImpl.java:936)
	at groovy.lang.MetaClassImpl.invokePropertyOrMissing(MetaClassImpl.java:1259)
	at groovy.lang.MetaClassImpl.invokeMethod(MetaClassImpl.java:1212)
	at groovy.lang.ExpandoMetaClass.invokeMethod(ExpandoMetaClass.java:1123)
	at org.codehaus.groovy.runtime.ScriptBytecodeAdapter.invokeMethodOnCurrentN(ScriptBytecodeAdapter.java:82)
	at grails.test.runtime.TestRuntimeJunitAdapter$1.this$dist$invoke$1(TestRuntimeJunitAdapter.groovy)
	at grails.test.runtime.TestRuntimeJunitAdapter$1$2.methodMissing(TestRuntimeJunitAdapter.groovy)
	at sun.reflect.NativeMethodAccessorImpl.invoke0(Native Method)
	at sun.reflect.NativeMethodAccessorImpl.invoke(NativeMethodAccessorImpl.java:62)
	at sun.reflect.DelegatingMethodAccessorImpl.invoke(DelegatingMethodAccessorImpl.java:43)
	at java.lang.reflect.Method.invoke(Method.java:497)
	at org.springsource.loaded.ri.ReflectiveInterceptor.jlrMethodInvoke(ReflectiveInterceptor.java:1426)
	at org.codehaus.groovy.reflection.CachedMethod.invoke(CachedMethod.java:93)
	at groovy.lang.MetaClassImpl.invokeMissingMethod(MetaClassImpl.java:936)
	at groovy.lang.MetaClassImpl.invokePropertyOrMissing(MetaClassImpl.java:1259)
	at groovy.lang.MetaClassImpl.invokeMethod(MetaClassImpl.java:1212)
	at groovy.lang.ExpandoMetaClass.invokeMethod(ExpandoMetaClass.java:1123)
	at groovy.lang.MetaClassImpl.invokeMethod(MetaClassImpl.java:1019)
	at org.codehaus.groovy.runtime.callsite.PogoMetaClassSite.callCurrent(PogoMetaClassSite.java:69)
	at org.codehaus.groovy.runtime.callsite.CallSiteArray.defaultCallCurrent(CallSiteArray.java:52)
	at org.codehaus.groovy.runtime.callsite.AbstractCallSite.callCurrent(AbstractCallSite.java:154)
	at org.codehaus.groovy.runtime.callsite.AbstractCallSite.callCurrent(AbstractCallSite.java:182)
	at grails.test.runtime.TestRuntimeJunitAdapter$1$2.evaluate(TestRuntimeJunitAdapter.groovy:47)
	at org.spockframework.runtime.extension.builtin.TestRuleInterceptor.intercept(TestRuleInterceptor.java:38)
	at org.spockframework.runtime.extension.MethodInvocation.proceed(MethodInvocation.java:87)
	at org.spockframework.runtime.BaseSpecRunner.invoke(BaseSpecRunner.java:471)
	at org.spockframework.runtime.BaseSpecRunner.runIteration(BaseSpecRunner.java:288)
	at org.spockframework.runtime.BaseSpecRunner.initializeAndRunIteration(BaseSpecRunner.java:278)
	at org.spockframework.runtime.BaseSpecRunner.runSimpleFeature(BaseSpecRunner.java:269)
	at org.spockframework.runtime.BaseSpecRunner.doRunFeature(BaseSpecRunner.java:263)
	at org.spockframework.runtime.BaseSpecRunner$5.invoke(BaseSpecRunner.java:246)
	at org.spockframework.runtime.BaseSpecRunner.invokeRaw(BaseSpecRunner.java:480)
	at org.spockframework.runtime.BaseSpecRunner.invoke(BaseSpecRunner.java:463)
	at org.spockframework.runtime.BaseSpecRunner.runFeature(BaseSpecRunner.java:238)
	at org.spockframework.runtime.BaseSpecRunner.runFeatures(BaseSpecRunner.java:188)
	at org.spockframework.runtime.BaseSpecRunner.doRunSpec(BaseSpecRunner.java:98)
	at org.spockframework.runtime.BaseSpecRunner$1.invoke(BaseSpecRunner.java:84)
	at org.spockframework.runtime.extension.MethodInvocation.proceed(MethodInvocation.java:88)
	at org.spockframework.runtime.extension.builtin.AbstractRuleInterceptor$1.evaluate(AbstractRuleInterceptor.java:37)
	at sun.reflect.NativeMethodAccessorImpl.invoke0(Native Method)
	at sun.reflect.NativeMethodAccessorImpl.invoke(NativeMethodAccessorImpl.java:62)
	at sun.reflect.DelegatingMethodAccessorImpl.invoke(DelegatingMethodAccessorImpl.java:43)
	at java.lang.reflect.Method.invoke(Method.java:497)
	at org.springsource.loaded.ri.ReflectiveInterceptor.jlrMethodInvoke(ReflectiveInterceptor.java:1426)
	at org.codehaus.groovy.runtime.callsite.PojoMetaMethodSite$PojoCachedMethodSiteNoUnwrapNoCoerce.invoke(PojoMetaMethodSite.java:233)
	at org.codehaus.groovy.runtime.callsite.PojoMetaMethodSite.call(PojoMetaMethodSite.java:56)
	at org.codehaus.groovy.runtime.callsite.CallSiteArray.defaultCall(CallSiteArray.java:48)
	at org.codehaus.groovy.runtime.callsite.AbstractCallSite.call(AbstractCallSite.java:113)
	at org.codehaus.groovy.runtime.callsite.AbstractCallSite.call(AbstractCallSite.java:117)
	at grails.test.runtime.TestRuntimeJunitAdapter$3$4.evaluate(TestRuntimeJunitAdapter.groovy:76)
	at org.spockframework.runtime.extension.builtin.ClassRuleInterceptor.intercept(ClassRuleInterceptor.java:38)
	at org.spockframework.runtime.extension.MethodInvocation.proceed(MethodInvocation.java:87)
	at org.spockframework.runtime.BaseSpecRunner.invoke(BaseSpecRunner.java:471)
	at org.spockframework.runtime.BaseSpecRunner.runSpec(BaseSpecRunner.java:76)
	at org.spockframework.runtime.BaseSpecRunner.run(BaseSpecRunner.java:67)
	at org.spockframework.runtime.Sputnik.run(Sputnik.java:63)
	at org.junit.runners.Suite.runChild(Suite.java:128)
	at org.junit.runners.Suite.runChild(Suite.java:27)
	at org.junit.runners.ParentRunner$3.run(ParentRunner.java:290)
	at org.junit.runners.ParentRunner$1.schedule(ParentRunner.java:71)
	at org.junit.runners.ParentRunner.runChildren(ParentRunner.java:288)
	at org.junit.runners.ParentRunner.access$000(ParentRunner.java:58)
	at org.junit.runners.ParentRunner$2.evaluate(ParentRunner.java:268)
	at org.junit.runners.ParentRunner.run(ParentRunner.java:363)
	at org.junit.runner.JUnitCore.run(JUnitCore.java:137)
	at org.junit.runner.JUnitCore.run(JUnitCore.java:115)
	at org.junit.runner.JUnitCore$run$0.call(Unknown Source)
	at org.codehaus.groovy.runtime.callsite.CallSiteArray.defaultCall(CallSiteArray.java:48)
	at org.codehaus.groovy.runtime.callsite.AbstractCallSite.call(AbstractCallSite.java:113)
	at org.codehaus.groovy.runtime.callsite.AbstractCallSite.call(AbstractCallSite.java:125)
	at org.codehaus.groovy.grails.test.spock.GrailsSpecTestType.doRun(GrailsSpecTestType.groovy:147)
	at org.codehaus.groovy.grails.test.support.GrailsTestTypeSupport.run(GrailsTestTypeSupport.groovy:121)
	at org.codehaus.groovy.grails.test.runner.GrailsProjectTestRunner.runTests(GrailsProjectTestRunner.groovy:416)
	at org.codehaus.groovy.grails.test.runner.GrailsProjectTestRunner.processTests(GrailsProjectTestRunner.groovy:396)
	at sun.reflect.NativeMethodAccessorImpl.invoke0(Native Method)
	at sun.reflect.NativeMethodAccessorImpl.invoke(NativeMethodAccessorImpl.java:62)
	at sun.reflect.DelegatingMethodAccessorImpl.invoke(DelegatingMethodAccessorImpl.java:43)
	at java.lang.reflect.Method.invoke(Method.java:497)
	at org.springsource.loaded.ri.ReflectiveInterceptor.jlrMethodInvoke(ReflectiveInterceptor.java:1426)
	at org.codehaus.groovy.reflection.CachedMethod.invoke(CachedMethod.java:93)
	at groovy.lang.MetaMethod.doMethodInvoke(MetaMethod.java:325)
	at groovy.lang.MetaClassImpl.invokeMethod(MetaClassImpl.java:1210)
	at groovy.lang.ExpandoMetaClass.invokeMethod(ExpandoMetaClass.java:1123)
	at groovy.lang.MetaClassImpl.invokeMethod(MetaClassImpl.java:1019)
	at groovy.lang.MetaClassImpl.invokeMethod(MetaClassImpl.java:1155)
	at groovy.lang.ExpandoMetaClass.invokeMethod(ExpandoMetaClass.java:1123)
	at groovy.lang.MetaClassImpl.invokeMethod(MetaClassImpl.java:1019)
	at org.codehaus.groovy.runtime.callsite.PogoMetaClassSite.callCurrent(PogoMetaClassSite.java:69)
	at org.codehaus.groovy.runtime.callsite.CallSiteArray.defaultCallCurrent(CallSiteArray.java:52)
	at org.codehaus.groovy.runtime.callsite.AbstractCallSite.callCurrent(AbstractCallSite.java:154)
	at org.codehaus.groovy.runtime.callsite.AbstractCallSite.callCurrent(AbstractCallSite.java:166)
	at org.codehaus.groovy.grails.test.runner.GrailsProjectTestRunner$_runAllTests_closure7.doCall(GrailsProjectTestRunner.groovy:314)
	at sun.reflect.NativeMethodAccessorImpl.invoke0(Native Method)
	at sun.reflect.NativeMethodAccessorImpl.invoke(NativeMethodAccessorImpl.java:62)
	at sun.reflect.DelegatingMethodAccessorImpl.invoke(DelegatingMethodAccessorImpl.java:43)
	at java.lang.reflect.Method.invoke(Method.java:497)
	at org.springsource.loaded.ri.ReflectiveInterceptor.jlrMethodInvoke(ReflectiveInterceptor.java:1426)
	at org.codehaus.groovy.reflection.CachedMethod.invoke(CachedMethod.java:93)
	at groovy.lang.MetaMethod.doMethodInvoke(MetaMethod.java:325)
	at groovy.lang.MetaClassImpl.invokeMethod(MetaClassImpl.java:1210)
	at groovy.lang.ExpandoMetaClass.invokeMethod(ExpandoMetaClass.java:1123)
	at groovy.lang.MetaClassImpl.invokeMethod(MetaClassImpl.java:1019)
	at groovy.lang.Closure.call(Closure.java:426)
	at org.codehaus.groovy.runtime.DefaultGroovyMethods.callClosureForMapEntry(DefaultGroovyMethods.java:5226)
	at org.codehaus.groovy.runtime.DefaultGroovyMethods.each(DefaultGroovyMethods.java:2107)
	at org.codehaus.groovy.runtime.dgm$163.invoke(Unknown Source)
	at org.codehaus.groovy.runtime.callsite.PojoMetaMethodSite$PojoMetaMethodSiteNoUnwrapNoCoerce.invoke(PojoMetaMethodSite.java:274)
	at org.codehaus.groovy.runtime.callsite.PojoMetaMethodSite.call(PojoMetaMethodSite.java:56)
	at org.codehaus.groovy.runtime.callsite.CallSiteArray.defaultCall(CallSiteArray.java:48)
	at org.codehaus.groovy.runtime.callsite.AbstractCallSite.call(AbstractCallSite.java:113)
	at org.codehaus.groovy.runtime.callsite.AbstractCallSite.call(AbstractCallSite.java:125)
	at org.codehaus.groovy.grails.test.runner.GrailsProjectTestRunner.runAllTests(GrailsProjectTestRunner.groovy:300)
	at org.codehaus.groovy.grails.test.runner.GrailsProjectTestRunner.runAllTests(GrailsProjectTestRunner.groovy:215)
	at org.codehaus.groovy.grails.test.runner.GrailsProjectTestRunner.runAllTests(GrailsProjectTestRunner.groovy)
	at org.codehaus.groovy.grails.test.runner.GrailsProjectTestRunner$runAllTests$0.call(Unknown Source)
	at org.codehaus.groovy.runtime.callsite.CallSiteArray.defaultCall(CallSiteArray.java:48)
	at org.codehaus.groovy.runtime.callsite.AbstractCallSite.call(AbstractCallSite.java:113)
	at org.codehaus.groovy.runtime.callsite.AbstractCallSite.call(AbstractCallSite.java:125)
	at org.codehaus.groovy.grails.cli.fork.testing.ForkedGrailsTestRunner.runInstance(ForkedGrailsTestRunner.groovy:128)
	at org.codehaus.groovy.grails.cli.fork.ForkedGrailsProjectClassExecutor.run(ForkedGrailsProjectClassExecutor.groovy:74)
	at org.codehaus.groovy.grails.cli.fork.testing.ForkedGrailsTestRunner.main(ForkedGrailsTestRunner.groovy:75)
2016-03-18 16:21:46,622 [main] ERROR StackTrace  - Full Stack Trace:
java.lang.NoClassDefFoundError: DataSource$_run_closure3$_closure5$_closure8
	at DataSource$_run_closure3$_closure5.doCall(DataSource.groovy:26)
	at DataSource$_run_closure3.doCall(DataSource.groovy:25)
	at DataSource.run(DataSource.groovy:18)
	at grails.test.runtime.GrailsApplicationTestPlugin.createGrailsApplication(GrailsApplicationTestPlugin.groovy:164)
	at grails.test.runtime.GrailsApplicationTestPlugin.initGrailsApplication(GrailsApplicationTestPlugin.groovy:91)
	at grails.test.runtime.GrailsApplicationTestPlugin.onTestEvent(GrailsApplicationTestPlugin.groovy:327)
	at grails.test.runtime.TestRuntime.deliverEvent(TestRuntime.groovy:295)
	at grails.test.runtime.TestRuntime.executeEventLoop(TestRuntime.groovy:280)
	at grails.test.runtime.TestRuntime.processEvents(TestRuntime.groovy:265)
	at grails.test.runtime.TestRuntime.doPublishEvent(TestRuntime.groovy:238)
	at grails.test.runtime.TestRuntime.publishEvent(TestRuntime.groovy:211)
	at grails.test.runtime.TestRuntime.getValue(TestRuntime.groovy:122)
	at grails.test.runtime.GrailsApplicationTestPlugin.onTestEvent(GrailsApplicationTestPlugin.groovy:320)
	at grails.test.runtime.TestRuntime.deliverEvent(TestRuntime.groovy:295)
	at grails.test.runtime.TestRuntime.processEvents(TestRuntime.groovy:264)
	at grails.test.runtime.TestRuntime.doPublishEvent(TestRuntime.groovy:248)
	at grails.test.runtime.TestRuntime.publishEvent(TestRuntime.groovy:211)
	at grails.test.runtime.TestRuntimeJunitAdapter.before(TestRuntimeJunitAdapter.groovy:109)
	at grails.test.runtime.TestRuntimeJunitAdapter$1$2.evaluate(TestRuntimeJunitAdapter.groovy:47)
	at org.spockframework.runtime.extension.builtin.TestRuleInterceptor.intercept(TestRuleInterceptor.java:38)
	at org.spockframework.runtime.extension.MethodInvocation.proceed(MethodInvocation.java:87)
	at org.spockframework.runtime.BaseSpecRunner.invoke(BaseSpecRunner.java:471)
	at org.spockframework.runtime.BaseSpecRunner.runIteration(BaseSpecRunner.java:288)
	at org.spockframework.runtime.BaseSpecRunner.initializeAndRunIteration(BaseSpecRunner.java:278)
	at org.spockframework.runtime.BaseSpecRunner.runSimpleFeature(BaseSpecRunner.java:269)
	at org.spockframework.runtime.BaseSpecRunner.doRunFeature(BaseSpecRunner.java:263)
	at org.spockframework.runtime.BaseSpecRunner$5.invoke(BaseSpecRunner.java:246)
	at org.spockframework.runtime.BaseSpecRunner.invokeRaw(BaseSpecRunner.java:480)
	at org.spockframework.runtime.BaseSpecRunner.invoke(BaseSpecRunner.java:463)
	at org.spockframework.runtime.BaseSpecRunner.runFeature(BaseSpecRunner.java:238)
	at org.spockframework.runtime.BaseSpecRunner.runFeatures(BaseSpecRunner.java:188)
	at org.spockframework.runtime.BaseSpecRunner.doRunSpec(BaseSpecRunner.java:98)
	at org.spockframework.runtime.BaseSpecRunner$1.invoke(BaseSpecRunner.java:84)
	at org.spockframework.runtime.extension.MethodInvocation.proceed(MethodInvocation.java:88)
	at org.spockframework.runtime.extension.builtin.AbstractRuleInterceptor$1.evaluate(AbstractRuleInterceptor.java:37)
	at grails.test.runtime.TestRuntimeJunitAdapter$3$4.evaluate(TestRuntimeJunitAdapter.groovy:76)
	at org.spockframework.runtime.extension.builtin.ClassRuleInterceptor.intercept(ClassRuleInterceptor.java:38)
	at org.spockframework.runtime.extension.MethodInvocation.proceed(MethodInvocation.java:87)
	at org.spockframework.runtime.BaseSpecRunner.invoke(BaseSpecRunner.java:471)
	at org.spockframework.runtime.BaseSpecRunner.runSpec(BaseSpecRunner.java:76)
	at org.spockframework.runtime.BaseSpecRunner.run(BaseSpecRunner.java:67)
	at org.spockframework.runtime.Sputnik.run(Sputnik.java:63)
	at org.junit.runners.Suite.runChild(Suite.java:128)
	at org.junit.runners.Suite.runChild(Suite.java:27)
	at org.junit.runners.ParentRunner$3.run(ParentRunner.java:290)
	at org.junit.runners.ParentRunner$1.schedule(ParentRunner.java:71)
	at org.junit.runners.ParentRunner.runChildren(ParentRunner.java:288)
	at org.junit.runners.ParentRunner.access$000(ParentRunner.java:58)
	at org.junit.runners.ParentRunner$2.evaluate(ParentRunner.java:268)
	at org.junit.runners.ParentRunner.run(ParentRunner.java:363)
	at org.junit.runner.JUnitCore.run(JUnitCore.java:137)
	at org.junit.runner.JUnitCore.run(JUnitCore.java:115)
Caused by: java.lang.ClassNotFoundException: DataSource$_run_closure3$_closure5$_closure8
	at java.net.URLClassLoader.findClass(URLClassLoader.java:381)
	at java.lang.ClassLoader.loadClass(ClassLoader.java:424)
	... 52 more
2016-03-18 16:21:46,623 [main] ERROR StackTrace  - Full Stack Trace:
java.lang.NoClassDefFoundError: DataSource$_run_closure3$_closure5$_closure8
	at DataSource$_run_closure3$_closure5.doCall(DataSource.groovy:26)
	at DataSource$_run_closure3.doCall(DataSource.groovy:25)
	at DataSource.run(DataSource.groovy:18)
	at grails.test.runtime.GrailsApplicationTestPlugin.createGrailsApplication(GrailsApplicationTestPlugin.groovy:164)
	at grails.test.runtime.GrailsApplicationTestPlugin.initGrailsApplication(GrailsApplicationTestPlugin.groovy:91)
	at grails.test.runtime.GrailsApplicationTestPlugin.onTestEvent(GrailsApplicationTestPlugin.groovy:327)
	at grails.test.runtime.TestRuntime.deliverEvent(TestRuntime.groovy:295)
	at grails.test.runtime.TestRuntime.executeEventLoop(TestRuntime.groovy:280)
	at grails.test.runtime.TestRuntime.processEvents(TestRuntime.groovy:265)
	at grails.test.runtime.TestRuntime.doPublishEvent(TestRuntime.groovy:238)
	at grails.test.runtime.TestRuntime.publishEvent(TestRuntime.groovy:211)
	at grails.test.runtime.TestRuntime.getValue(TestRuntime.groovy:122)
	at grails.test.runtime.GrailsApplicationTestPlugin.onTestEvent(GrailsApplicationTestPlugin.groovy:320)
	at grails.test.runtime.TestRuntime.deliverEvent(TestRuntime.groovy:295)
	at grails.test.runtime.TestRuntime.processEvents(TestRuntime.groovy:264)
	at grails.test.runtime.TestRuntime.doPublishEvent(TestRuntime.groovy:248)
	at grails.test.runtime.TestRuntime.publishEvent(TestRuntime.groovy:211)
	at grails.test.runtime.TestRuntimeJunitAdapter.before(TestRuntimeJunitAdapter.groovy:109)
	at grails.test.runtime.TestRuntimeJunitAdapter$1$2.evaluate(TestRuntimeJunitAdapter.groovy:47)
	at org.spockframework.runtime.extension.builtin.TestRuleInterceptor.intercept(TestRuleInterceptor.java:38)
	at org.spockframework.runtime.extension.MethodInvocation.proceed(MethodInvocation.java:87)
	at org.spockframework.runtime.BaseSpecRunner.invoke(BaseSpecRunner.java:471)
	at org.spockframework.runtime.BaseSpecRunner.runIteration(BaseSpecRunner.java:288)
	at org.spockframework.runtime.BaseSpecRunner.initializeAndRunIteration(BaseSpecRunner.java:278)
	at org.spockframework.runtime.BaseSpecRunner.runSimpleFeature(BaseSpecRunner.java:269)
	at org.spockframework.runtime.BaseSpecRunner.doRunFeature(BaseSpecRunner.java:263)
	at org.spockframework.runtime.BaseSpecRunner$5.invoke(BaseSpecRunner.java:246)
	at org.spockframework.runtime.BaseSpecRunner.invokeRaw(BaseSpecRunner.java:480)
	at org.spockframework.runtime.BaseSpecRunner.invoke(BaseSpecRunner.java:463)
	at org.spockframework.runtime.BaseSpecRunner.runFeature(BaseSpecRunner.java:238)
	at org.spockframework.runtime.BaseSpecRunner.runFeatures(BaseSpecRunner.java:188)
	at org.spockframework.runtime.BaseSpecRunner.doRunSpec(BaseSpecRunner.java:98)
	at org.spockframework.runtime.BaseSpecRunner$1.invoke(BaseSpecRunner.java:84)
	at org.spockframework.runtime.extension.MethodInvocation.proceed(MethodInvocation.java:88)
	at org.spockframework.runtime.extension.builtin.AbstractRuleInterceptor$1.evaluate(AbstractRuleInterceptor.java:37)
	at grails.test.runtime.TestRuntimeJunitAdapter$3$4.evaluate(TestRuntimeJunitAdapter.groovy:76)
	at org.spockframework.runtime.extension.builtin.ClassRuleInterceptor.intercept(ClassRuleInterceptor.java:38)
	at org.spockframework.runtime.extension.MethodInvocation.proceed(MethodInvocation.java:87)
	at org.spockframework.runtime.BaseSpecRunner.invoke(BaseSpecRunner.java:471)
	at org.spockframework.runtime.BaseSpecRunner.runSpec(BaseSpecRunner.java:76)
	at org.spockframework.runtime.BaseSpecRunner.run(BaseSpecRunner.java:67)
	at org.spockframework.runtime.Sputnik.run(Sputnik.java:63)
	at org.junit.runners.Suite.runChild(Suite.java:128)
	at org.junit.runners.Suite.runChild(Suite.java:27)
	at org.junit.runners.ParentRunner$3.run(ParentRunner.java:290)
	at org.junit.runners.ParentRunner$1.schedule(ParentRunner.java:71)
	at org.junit.runners.ParentRunner.runChildren(ParentRunner.java:288)
	at org.junit.runners.ParentRunner.access$000(ParentRunner.java:58)
	at org.junit.runners.ParentRunner$2.evaluate(ParentRunner.java:268)
	at org.junit.runners.ParentRunner.run(ParentRunner.java:363)
	at org.junit.runner.JUnitCore.run(JUnitCore.java:137)
	at org.junit.runner.JUnitCore.run(JUnitCore.java:115)
Caused by: java.lang.ClassNotFoundException: DataSource$_run_closure3$_closure5$_closure8
	at java.net.URLClassLoader.findClass(URLClassLoader.java:381)
	at java.lang.ClassLoader.loadClass(ClassLoader.java:424)
	... 52 more
2016-03-18 16:21:46,624 [main] ERROR StackTrace  - Full Stack Trace:
java.lang.ClassNotFoundException: DataSource$_run_closure3$_closure5$_closure8
	at java.net.URLClassLoader.findClass(URLClassLoader.java:381)
	at java.lang.ClassLoader.loadClass(ClassLoader.java:424)
	at DataSource$_run_closure3$_closure5.doCall(DataSource.groovy:26)
	at DataSource$_run_closure3.doCall(DataSource.groovy:25)
	at DataSource.run(DataSource.groovy:18)
	at grails.test.runtime.GrailsApplicationTestPlugin.createGrailsApplication(GrailsApplicationTestPlugin.groovy:164)
	at grails.test.runtime.GrailsApplicationTestPlugin.initGrailsApplication(GrailsApplicationTestPlugin.groovy:91)
	at grails.test.runtime.GrailsApplicationTestPlugin.onTestEvent(GrailsApplicationTestPlugin.groovy:327)
	at grails.test.runtime.TestRuntime.deliverEvent(TestRuntime.groovy:295)
	at grails.test.runtime.TestRuntime.executeEventLoop(TestRuntime.groovy:280)
	at grails.test.runtime.TestRuntime.processEvents(TestRuntime.groovy:265)
	at grails.test.runtime.TestRuntime.doPublishEvent(TestRuntime.groovy:238)
	at grails.test.runtime.TestRuntime.publishEvent(TestRuntime.groovy:211)
	at grails.test.runtime.TestRuntime.getValue(TestRuntime.groovy:122)
	at grails.test.runtime.GrailsApplicationTestPlugin.onTestEvent(GrailsApplicationTestPlugin.groovy:320)
	at grails.test.runtime.TestRuntime.deliverEvent(TestRuntime.groovy:295)
	at grails.test.runtime.TestRuntime.processEvents(TestRuntime.groovy:264)
	at grails.test.runtime.TestRuntime.doPublishEvent(TestRuntime.groovy:248)
	at grails.test.runtime.TestRuntime.publishEvent(TestRuntime.groovy:211)
	at grails.test.runtime.TestRuntimeJunitAdapter.before(TestRuntimeJunitAdapter.groovy:109)
	at grails.test.runtime.TestRuntimeJunitAdapter$1$2.evaluate(TestRuntimeJunitAdapter.groovy:47)
	at org.spockframework.runtime.extension.builtin.TestRuleInterceptor.intercept(TestRuleInterceptor.java:38)
	at org.spockframework.runtime.extension.MethodInvocation.proceed(MethodInvocation.java:87)
	at org.spockframework.runtime.BaseSpecRunner.invoke(BaseSpecRunner.java:471)
	at org.spockframework.runtime.BaseSpecRunner.runIteration(BaseSpecRunner.java:288)
	at org.spockframework.runtime.BaseSpecRunner.initializeAndRunIteration(BaseSpecRunner.java:278)
	at org.spockframework.runtime.BaseSpecRunner.runSimpleFeature(BaseSpecRunner.java:269)
	at org.spockframework.runtime.BaseSpecRunner.doRunFeature(BaseSpecRunner.java:263)
	at org.spockframework.runtime.BaseSpecRunner$5.invoke(BaseSpecRunner.java:246)
	at org.spockframework.runtime.BaseSpecRunner.invokeRaw(BaseSpecRunner.java:480)
	at org.spockframework.runtime.BaseSpecRunner.invoke(BaseSpecRunner.java:463)
	at org.spockframework.runtime.BaseSpecRunner.runFeature(BaseSpecRunner.java:238)
	at org.spockframework.runtime.BaseSpecRunner.runFeatures(BaseSpecRunner.java:188)
	at org.spockframework.runtime.BaseSpecRunner.doRunSpec(BaseSpecRunner.java:98)
	at org.spockframework.runtime.BaseSpecRunner$1.invoke(BaseSpecRunner.java:84)
	at org.spockframework.runtime.extension.MethodInvocation.proceed(MethodInvocation.java:88)
	at org.spockframework.runtime.extension.builtin.AbstractRuleInterceptor$1.evaluate(AbstractRuleInterceptor.java:37)
	at grails.test.runtime.TestRuntimeJunitAdapter$3$4.evaluate(TestRuntimeJunitAdapter.groovy:76)
	at org.spockframework.runtime.extension.builtin.ClassRuleInterceptor.intercept(ClassRuleInterceptor.java:38)
	at org.spockframework.runtime.extension.MethodInvocation.proceed(MethodInvocation.java:87)
	at org.spockframework.runtime.BaseSpecRunner.invoke(BaseSpecRunner.java:471)
	at org.spockframework.runtime.BaseSpecRunner.runSpec(BaseSpecRunner.java:76)
	at org.spockframework.runtime.BaseSpecRunner.run(BaseSpecRunner.java:67)
	at org.spockframework.runtime.Sputnik.run(Sputnik.java:63)
	at org.junit.runners.Suite.runChild(Suite.java:128)
	at org.junit.runners.Suite.runChild(Suite.java:27)
	at org.junit.runners.ParentRunner$3.run(ParentRunner.java:290)
	at org.junit.runners.ParentRunner$1.schedule(ParentRunner.java:71)
	at org.junit.runners.ParentRunner.runChildren(ParentRunner.java:288)
	at org.junit.runners.ParentRunner.access$000(ParentRunner.java:58)
	at org.junit.runners.ParentRunner$2.evaluate(ParentRunner.java:268)
	at org.junit.runners.ParentRunner.run(ParentRunner.java:363)
	at org.junit.runner.JUnitCore.run(JUnitCore.java:137)
	at org.junit.runner.JUnitCore.run(JUnitCore.java:115)
2016-03-18 16:21:46,625 [main] ERROR StackTrace  - Full Stack Trace:
java.lang.NoClassDefFoundError: DataSource$_run_closure3$_closure5$_closure8
	at DataSource$_run_closure3$_closure5.doCall(DataSource.groovy:26)
	at DataSource$_run_closure3.doCall(DataSource.groovy:25)
	at DataSource.run(DataSource.groovy:18)
	at grails.test.runtime.GrailsApplicationTestPlugin.createGrailsApplication(GrailsApplicationTestPlugin.groovy:164)
	at grails.test.runtime.GrailsApplicationTestPlugin.initGrailsApplication(GrailsApplicationTestPlugin.groovy:91)
	at grails.test.runtime.GrailsApplicationTestPlugin.onTestEvent(GrailsApplicationTestPlugin.groovy:327)
	at grails.test.runtime.TestRuntime.deliverEvent(TestRuntime.groovy:295)
	at grails.test.runtime.TestRuntime.executeEventLoop(TestRuntime.groovy:280)
	at grails.test.runtime.TestRuntime.processEvents(TestRuntime.groovy:265)
	at grails.test.runtime.TestRuntime.doPublishEvent(TestRuntime.groovy:238)
	at grails.test.runtime.TestRuntime.publishEvent(TestRuntime.groovy:211)
	at grails.test.runtime.TestRuntime.getValue(TestRuntime.groovy:122)
	at grails.test.runtime.GrailsApplicationTestPlugin.onTestEvent(GrailsApplicationTestPlugin.groovy:320)
	at grails.test.runtime.TestRuntime.deliverEvent(TestRuntime.groovy:295)
	at grails.test.runtime.TestRuntime.processEvents(TestRuntime.groovy:264)
	at grails.test.runtime.TestRuntime.doPublishEvent(TestRuntime.groovy:248)
	at grails.test.runtime.TestRuntime.publishEvent(TestRuntime.groovy:211)
	at grails.test.runtime.TestRuntimeJunitAdapter.before(TestRuntimeJunitAdapter.groovy:109)
	at grails.test.runtime.TestRuntimeJunitAdapter$1$2.evaluate(TestRuntimeJunitAdapter.groovy:47)
	at org.spockframework.runtime.extension.builtin.TestRuleInterceptor.intercept(TestRuleInterceptor.java:38)
	at org.spockframework.runtime.extension.MethodInvocation.proceed(MethodInvocation.java:87)
	at org.spockframework.runtime.BaseSpecRunner.invoke(BaseSpecRunner.java:471)
	at org.spockframework.runtime.BaseSpecRunner.runIteration(BaseSpecRunner.java:288)
	at org.spockframework.runtime.BaseSpecRunner.initializeAndRunIteration(BaseSpecRunner.java:278)
	at org.spockframework.runtime.BaseSpecRunner.runSimpleFeature(BaseSpecRunner.java:269)
	at org.spockframework.runtime.BaseSpecRunner.doRunFeature(BaseSpecRunner.java:263)
	at org.spockframework.runtime.BaseSpecRunner$5.invoke(BaseSpecRunner.java:246)
	at org.spockframework.runtime.BaseSpecRunner.invokeRaw(BaseSpecRunner.java:480)
	at org.spockframework.runtime.BaseSpecRunner.invoke(BaseSpecRunner.java:463)
	at org.spockframework.runtime.BaseSpecRunner.runFeature(BaseSpecRunner.java:238)
	at org.spockframework.runtime.BaseSpecRunner.runFeatures(BaseSpecRunner.java:188)
	at org.spockframework.runtime.BaseSpecRunner.doRunSpec(BaseSpecRunner.java:98)
	at org.spockframework.runtime.BaseSpecRunner$1.invoke(BaseSpecRunner.java:84)
	at org.spockframework.runtime.extension.MethodInvocation.proceed(MethodInvocation.java:88)
	at org.spockframework.runtime.extension.builtin.AbstractRuleInterceptor$1.evaluate(AbstractRuleInterceptor.java:37)
	at grails.test.runtime.TestRuntimeJunitAdapter$3$4.evaluate(TestRuntimeJunitAdapter.groovy:76)
	at org.spockframework.runtime.extension.builtin.ClassRuleInterceptor.intercept(ClassRuleInterceptor.java:38)
	at org.spockframework.runtime.extension.MethodInvocation.proceed(MethodInvocation.java:87)
	at org.spockframework.runtime.BaseSpecRunner.invoke(BaseSpecRunner.java:471)
	at org.spockframework.runtime.BaseSpecRunner.runSpec(BaseSpecRunner.java:76)
	at org.spockframework.runtime.BaseSpecRunner.run(BaseSpecRunner.java:67)
	at org.spockframework.runtime.Sputnik.run(Sputnik.java:63)
	at org.junit.runners.Suite.runChild(Suite.java:128)
	at org.junit.runners.Suite.runChild(Suite.java:27)
	at org.junit.runners.ParentRunner$3.run(ParentRunner.java:290)
	at org.junit.runners.ParentRunner$1.schedule(ParentRunner.java:71)
	at org.junit.runners.ParentRunner.runChildren(ParentRunner.java:288)
	at org.junit.runners.ParentRunner.access$000(ParentRunner.java:58)
	at org.junit.runners.ParentRunner$2.evaluate(ParentRunner.java:268)
	at org.junit.runners.ParentRunner.run(ParentRunner.java:363)
	at org.junit.runner.JUnitCore.run(JUnitCore.java:137)
	at org.junit.runner.JUnitCore.run(JUnitCore.java:115)
Caused by: java.lang.ClassNotFoundException: DataSource$_run_closure3$_closure5$_closure8
	at java.net.URLClassLoader.findClass(URLClassLoader.java:381)
	at java.lang.ClassLoader.loadClass(ClassLoader.java:424)
	... 52 more
2016-03-18 16:21:46,827 [main] ERROR StackTrace  - Full Stack Trace:
java.lang.NoClassDefFoundError: DataSource$_run_closure3$_closure5$_closure8
	at DataSource.run_closure3$_closure5(DataSource.groovy:26)
	at DataSource.run_closure3(DataSource.groovy:25)
	at DataSource.run(DataSource.groovy:18)
	at grails.test.runtime.GrailsApplicationTestPlugin.createGrailsApplication(GrailsApplicationTestPlugin.groovy:164)
	at grails.test.runtime.GrailsApplicationTestPlugin.initGrailsApplication(GrailsApplicationTestPlugin.groovy:91)
	at grails.test.runtime.GrailsApplicationTestPlugin.onTestEvent(GrailsApplicationTestPlugin.groovy:327)
	at grails.test.runtime.TestRuntime.deliverEvent(TestRuntime.groovy:295)
	at grails.test.runtime.TestRuntime.executeEventLoop(TestRuntime.groovy:280)
	at grails.test.runtime.TestRuntime.processEvents(TestRuntime.groovy:265)
	at grails.test.runtime.TestRuntime.doPublishEvent(TestRuntime.groovy:238)
	at grails.test.runtime.TestRuntime.publishEvent(TestRuntime.groovy:211)
	at grails.test.runtime.TestRuntime.getValue(TestRuntime.groovy:122)
	at grails.test.runtime.GrailsApplicationTestPlugin.onTestEvent(GrailsApplicationTestPlugin.groovy:320)
	at grails.test.runtime.TestRuntime.deliverEvent(TestRuntime.groovy:295)
	at grails.test.runtime.TestRuntime.processEvents(TestRuntime.groovy:264)
	at grails.test.runtime.TestRuntime.doPublishEvent(TestRuntime.groovy:248)
	at grails.test.runtime.TestRuntime.publishEvent(TestRuntime.groovy:211)
	at grails.test.runtime.TestRuntimeJunitAdapter.before(TestRuntimeJunitAdapter.groovy:109)
	at grails.test.runtime.TestRuntimeJunitAdapter$1$2.evaluate(TestRuntimeJunitAdapter.groovy:47)
	at org.spockframework.runtime.extension.builtin.TestRuleInterceptor.intercept(TestRuleInterceptor.java:38)
	at org.spockframework.runtime.extension.MethodInvocation.proceed(MethodInvocation.java:87)
	at org.spockframework.runtime.extension.MethodInvocation.proceed(MethodInvocation.java:88)
	at org.spockframework.runtime.extension.builtin.AbstractRuleInterceptor$1.evaluate(AbstractRuleInterceptor.java:37)
	at grails.test.runtime.TestRuntimeJunitAdapter$3$4.evaluate(TestRuntimeJunitAdapter.groovy:76)
	at org.spockframework.runtime.extension.builtin.ClassRuleInterceptor.intercept(ClassRuleInterceptor.java:38)
	at org.spockframework.runtime.extension.MethodInvocation.proceed(MethodInvocation.java:87)
	at org.junit.runners.Suite.runChild(Suite.java:128)
	at org.junit.runners.Suite.runChild(Suite.java:27)
	at org.junit.runners.ParentRunner$3.run(ParentRunner.java:290)
	at org.junit.runners.ParentRunner$1.schedule(ParentRunner.java:71)
	at org.junit.runners.ParentRunner.runChildren(ParentRunner.java:288)
	at org.junit.runners.ParentRunner.access$000(ParentRunner.java:58)
	at org.junit.runners.ParentRunner$2.evaluate(ParentRunner.java:268)
	at org.junit.runners.ParentRunner.run(ParentRunner.java:363)
	at org.junit.runner.JUnitCore.run(JUnitCore.java:137)
	at org.junit.runner.JUnitCore.run(JUnitCore.java:115)
Caused by: java.lang.ClassNotFoundException: DataSource$_run_closure3$_closure5$_closure8
	at java.net.URLClassLoader.findClass(URLClassLoader.java:381)
	at java.lang.ClassLoader.loadClass(ClassLoader.java:424)
	... 36 more
2016-03-18 16:21:46,828 [main] ERROR StackTrace  - Full Stack Trace:
java.lang.ClassNotFoundException: DataSource$_run_closure3$_closure5$_closure8
	at java.net.URLClassLoader.findClass(URLClassLoader.java:381)
	at java.lang.ClassLoader.loadClass(ClassLoader.java:424)
	at DataSource.run_closure3$_closure5(DataSource.groovy:26)
	at DataSource.run_closure3(DataSource.groovy:25)
	at DataSource.run(DataSource.groovy:18)
	at grails.test.runtime.GrailsApplicationTestPlugin.createGrailsApplication(GrailsApplicationTestPlugin.groovy:164)
	at grails.test.runtime.GrailsApplicationTestPlugin.initGrailsApplication(GrailsApplicationTestPlugin.groovy:91)
	at grails.test.runtime.GrailsApplicationTestPlugin.onTestEvent(GrailsApplicationTestPlugin.groovy:327)
	at grails.test.runtime.TestRuntime.deliverEvent(TestRuntime.groovy:295)
	at grails.test.runtime.TestRuntime.executeEventLoop(TestRuntime.groovy:280)
	at grails.test.runtime.TestRuntime.processEvents(TestRuntime.groovy:265)
	at grails.test.runtime.TestRuntime.doPublishEvent(TestRuntime.groovy:238)
	at grails.test.runtime.TestRuntime.publishEvent(TestRuntime.groovy:211)
	at grails.test.runtime.TestRuntime.getValue(TestRuntime.groovy:122)
	at grails.test.runtime.GrailsApplicationTestPlugin.onTestEvent(GrailsApplicationTestPlugin.groovy:320)
	at grails.test.runtime.TestRuntime.deliverEvent(TestRuntime.groovy:295)
	at grails.test.runtime.TestRuntime.processEvents(TestRuntime.groovy:264)
	at grails.test.runtime.TestRuntime.doPublishEvent(TestRuntime.groovy:248)
	at grails.test.runtime.TestRuntime.publishEvent(TestRuntime.groovy:211)
	at grails.test.runtime.TestRuntimeJunitAdapter.before(TestRuntimeJunitAdapter.groovy:109)
	at grails.test.runtime.TestRuntimeJunitAdapter$1$2.evaluate(TestRuntimeJunitAdapter.groovy:47)
	at org.spockframework.runtime.extension.builtin.TestRuleInterceptor.intercept(TestRuleInterceptor.java:38)
	at org.spockframework.runtime.extension.MethodInvocation.proceed(MethodInvocation.java:87)
	at org.spockframework.runtime.extension.MethodInvocation.proceed(MethodInvocation.java:88)
	at org.spockframework.runtime.extension.builtin.AbstractRuleInterceptor$1.evaluate(AbstractRuleInterceptor.java:37)
	at grails.test.runtime.TestRuntimeJunitAdapter$3$4.evaluate(TestRuntimeJunitAdapter.groovy:76)
	at org.spockframework.runtime.extension.builtin.ClassRuleInterceptor.intercept(ClassRuleInterceptor.java:38)
	at org.spockframework.runtime.extension.MethodInvocation.proceed(MethodInvocation.java:87)
	at org.junit.runners.Suite.runChild(Suite.java:128)
	at org.junit.runners.Suite.runChild(Suite.java:27)
	at org.junit.runners.ParentRunner$3.run(ParentRunner.java:290)
	at org.junit.runners.ParentRunner$1.schedule(ParentRunner.java:71)
	at org.junit.runners.ParentRunner.runChildren(ParentRunner.java:288)
	at org.junit.runners.ParentRunner.access$000(ParentRunner.java:58)
	at org.junit.runners.ParentRunner$2.evaluate(ParentRunner.java:268)
	at org.junit.runners.ParentRunner.run(ParentRunner.java:363)
	at org.junit.runner.JUnitCore.run(JUnitCore.java:137)
	at org.junit.runner.JUnitCore.run(JUnitCore.java:115)
2016-03-18 16:21:46,828 [main] ERROR StackTrace  - Full Stack Trace:
java.lang.NoClassDefFoundError: DataSource$_run_closure3$_closure5$_closure8
	at DataSource.run_closure3$_closure5(DataSource.groovy:26)
	at DataSource.run_closure3(DataSource.groovy:25)
	at DataSource.run(DataSource.groovy:18)
	at grails.test.runtime.GrailsApplicationTestPlugin.createGrailsApplication(GrailsApplicationTestPlugin.groovy:164)
	at grails.test.runtime.GrailsApplicationTestPlugin.initGrailsApplication(GrailsApplicationTestPlugin.groovy:91)
	at grails.test.runtime.GrailsApplicationTestPlugin.onTestEvent(GrailsApplicationTestPlugin.groovy:327)
	at grails.test.runtime.TestRuntime.deliverEvent(TestRuntime.groovy:295)
	at grails.test.runtime.TestRuntime.executeEventLoop(TestRuntime.groovy:280)
	at grails.test.runtime.TestRuntime.processEvents(TestRuntime.groovy:265)
	at grails.test.runtime.TestRuntime.doPublishEvent(TestRuntime.groovy:238)
	at grails.test.runtime.TestRuntime.publishEvent(TestRuntime.groovy:211)
	at grails.test.runtime.TestRuntime.getValue(TestRuntime.groovy:122)
	at grails.test.runtime.GrailsApplicationTestPlugin.onTestEvent(GrailsApplicationTestPlugin.groovy:320)
	at grails.test.runtime.TestRuntime.deliverEvent(TestRuntime.groovy:295)
	at grails.test.runtime.TestRuntime.processEvents(TestRuntime.groovy:264)
	at grails.test.runtime.TestRuntime.doPublishEvent(TestRuntime.groovy:248)
	at grails.test.runtime.TestRuntime.publishEvent(TestRuntime.groovy:211)
	at grails.test.runtime.TestRuntimeJunitAdapter.before(TestRuntimeJunitAdapter.groovy:109)
	at grails.test.runtime.TestRuntimeJunitAdapter$1$2.evaluate(TestRuntimeJunitAdapter.groovy:47)
	at org.spockframework.runtime.extension.builtin.TestRuleInterceptor.intercept(TestRuleInterceptor.java:38)
	at org.spockframework.runtime.extension.MethodInvocation.proceed(MethodInvocation.java:87)
	at org.spockframework.runtime.extension.MethodInvocation.proceed(MethodInvocation.java:88)
	at org.spockframework.runtime.extension.builtin.AbstractRuleInterceptor$1.evaluate(AbstractRuleInterceptor.java:37)
	at grails.test.runtime.TestRuntimeJunitAdapter$3$4.evaluate(TestRuntimeJunitAdapter.groovy:76)
	at org.spockframework.runtime.extension.builtin.ClassRuleInterceptor.intercept(ClassRuleInterceptor.java:38)
	at org.spockframework.runtime.extension.MethodInvocation.proceed(MethodInvocation.java:87)
Caused by: java.lang.ClassNotFoundException: DataSource$_run_closure3$_closure5$_closure8
	at java.net.URLClassLoader.findClass(URLClassLoader.java:381)
	at java.lang.ClassLoader.loadClass(ClassLoader.java:424)
	... 26 more
2016-03-18 16:21:46,940 [main] ERROR StackTrace  - Full Stack Trace:
java.lang.NoClassDefFoundError: DataSource$_run_closure3$_closure5$_closure8
	at DataSource.run_closure3$_closure5(DataSource.groovy:26)
	at DataSource.run_closure3(DataSource.groovy:25)
	at DataSource.run(DataSource.groovy:18)
	at grails.test.runtime.GrailsApplicationTestPlugin.createGrailsApplication(GrailsApplicationTestPlugin.groovy:164)
	at grails.test.runtime.GrailsApplicationTestPlugin.initGrailsApplication(GrailsApplicationTestPlugin.groovy:91)
	at grails.test.runtime.GrailsApplicationTestPlugin.onTestEvent(GrailsApplicationTestPlugin.groovy:327)
	at grails.test.runtime.TestRuntime.deliverEvent(TestRuntime.groovy:295)
	at grails.test.runtime.TestRuntime.executeEventLoop(TestRuntime.groovy:280)
	at grails.test.runtime.TestRuntime.processEvents(TestRuntime.groovy:265)
	at grails.test.runtime.TestRuntime.doPublishEvent(TestRuntime.groovy:238)
	at grails.test.runtime.TestRuntime.publishEvent(TestRuntime.groovy:211)
	at grails.test.runtime.TestRuntime.getValue(TestRuntime.groovy:122)
	at grails.test.runtime.GrailsApplicationTestPlugin.onTestEvent(GrailsApplicationTestPlugin.groovy:320)
	at grails.test.runtime.TestRuntime.deliverEvent(TestRuntime.groovy:295)
	at grails.test.runtime.TestRuntime.processEvents(TestRuntime.groovy:264)
	at grails.test.runtime.TestRuntime.doPublishEvent(TestRuntime.groovy:248)
	at grails.test.runtime.TestRuntime.publishEvent(TestRuntime.groovy:211)
	at grails.test.runtime.TestRuntimeJunitAdapter.before(TestRuntimeJunitAdapter.groovy:109)
	at grails.test.runtime.TestRuntimeJunitAdapter$1$2.evaluate(TestRuntimeJunitAdapter.groovy:47)
	at org.spockframework.runtime.extension.builtin.TestRuleInterceptor.intercept(TestRuleInterceptor.java:38)
	at org.spockframework.runtime.extension.MethodInvocation.proceed(MethodInvocation.java:87)
	at org.spockframework.runtime.extension.MethodInvocation.proceed(MethodInvocation.java:88)
	at org.spockframework.runtime.extension.builtin.AbstractRuleInterceptor$1.evaluate(AbstractRuleInterceptor.java:37)
	at grails.test.runtime.TestRuntimeJunitAdapter$3$4.evaluate(TestRuntimeJunitAdapter.groovy:76)
	at org.spockframework.runtime.extension.builtin.ClassRuleInterceptor.intercept(ClassRuleInterceptor.java:38)
	at org.spockframework.runtime.extension.MethodInvocation.proceed(MethodInvocation.java:87)
Caused by: java.lang.ClassNotFoundException: DataSource$_run_closure3$_closure5$_closure8
	at java.net.URLClassLoader.findClass(URLClassLoader.java:381)
	at java.lang.ClassLoader.loadClass(ClassLoader.java:424)
	... 26 more
2016-03-18 16:21:46,940 [main] ERROR StackTrace  - Full Stack Trace:
java.lang.ClassNotFoundException: DataSource$_run_closure3$_closure5$_closure8
	at java.net.URLClassLoader.findClass(URLClassLoader.java:381)
	at java.lang.ClassLoader.loadClass(ClassLoader.java:424)
	at DataSource.run_closure3$_closure5(DataSource.groovy:26)
	at DataSource.run_closure3(DataSource.groovy:25)
	at DataSource.run(DataSource.groovy:18)
	at grails.test.runtime.GrailsApplicationTestPlugin.createGrailsApplication(GrailsApplicationTestPlugin.groovy:164)
	at grails.test.runtime.GrailsApplicationTestPlugin.initGrailsApplication(GrailsApplicationTestPlugin.groovy:91)
	at grails.test.runtime.GrailsApplicationTestPlugin.onTestEvent(GrailsApplicationTestPlugin.groovy:327)
	at grails.test.runtime.TestRuntime.deliverEvent(TestRuntime.groovy:295)
	at grails.test.runtime.TestRuntime.executeEventLoop(TestRuntime.groovy:280)
	at grails.test.runtime.TestRuntime.processEvents(TestRuntime.groovy:265)
	at grails.test.runtime.TestRuntime.doPublishEvent(TestRuntime.groovy:238)
	at grails.test.runtime.TestRuntime.publishEvent(TestRuntime.groovy:211)
	at grails.test.runtime.TestRuntime.getValue(TestRuntime.groovy:122)
	at grails.test.runtime.GrailsApplicationTestPlugin.onTestEvent(GrailsApplicationTestPlugin.groovy:320)
	at grails.test.runtime.TestRuntime.deliverEvent(TestRuntime.groovy:295)
	at grails.test.runtime.TestRuntime.processEvents(TestRuntime.groovy:264)
	at grails.test.runtime.TestRuntime.doPublishEvent(TestRuntime.groovy:248)
	at grails.test.runtime.TestRuntime.publishEvent(TestRuntime.groovy:211)
	at grails.test.runtime.TestRuntimeJunitAdapter.before(TestRuntimeJunitAdapter.groovy:109)
	at grails.test.runtime.TestRuntimeJunitAdapter$1$2.evaluate(TestRuntimeJunitAdapter.groovy:47)
	at org.spockframework.runtime.extension.builtin.TestRuleInterceptor.intercept(TestRuleInterceptor.java:38)
	at org.spockframework.runtime.extension.MethodInvocation.proceed(MethodInvocation.java:87)
	at org.spockframework.runtime.extension.MethodInvocation.proceed(MethodInvocation.java:88)
	at org.spockframework.runtime.extension.builtin.AbstractRuleInterceptor$1.evaluate(AbstractRuleInterceptor.java:37)
	at grails.test.runtime.TestRuntimeJunitAdapter$3$4.evaluate(TestRuntimeJunitAdapter.groovy:76)
	at org.spockframework.runtime.extension.builtin.ClassRuleInterceptor.intercept(ClassRuleInterceptor.java:38)
	at org.spockframework.runtime.extension.MethodInvocation.proceed(MethodInvocation.java:87)
2016-03-18 16:21:46,940 [main] ERROR StackTrace  - Full Stack Trace:
java.lang.NoClassDefFoundError: DataSource$_run_closure3$_closure5$_closure8
	at DataSource.run_closure3$_closure5(DataSource.groovy:26)
	at DataSource.run_closure3(DataSource.groovy:25)
	at DataSource.run(DataSource.groovy:18)
	at grails.test.runtime.GrailsApplicationTestPlugin.createGrailsApplication(GrailsApplicationTestPlugin.groovy:164)
	at grails.test.runtime.GrailsApplicationTestPlugin.initGrailsApplication(GrailsApplicationTestPlugin.groovy:91)
	at grails.test.runtime.GrailsApplicationTestPlugin.onTestEvent(GrailsApplicationTestPlugin.groovy:327)
	at grails.test.runtime.TestRuntime.deliverEvent(TestRuntime.groovy:295)
	at grails.test.runtime.TestRuntime.executeEventLoop(TestRuntime.groovy:280)
	at grails.test.runtime.TestRuntime.processEvents(TestRuntime.groovy:265)
	at grails.test.runtime.TestRuntime.doPublishEvent(TestRuntime.groovy:238)
	at grails.test.runtime.TestRuntime.publishEvent(TestRuntime.groovy:211)
	at grails.test.runtime.TestRuntime.getValue(TestRuntime.groovy:122)
	at grails.test.runtime.GrailsApplicationTestPlugin.onTestEvent(GrailsApplicationTestPlugin.groovy:320)
	at grails.test.runtime.TestRuntime.deliverEvent(TestRuntime.groovy:295)
	at grails.test.runtime.TestRuntime.processEvents(TestRuntime.groovy:264)
	at grails.test.runtime.TestRuntime.doPublishEvent(TestRuntime.groovy:248)
	at grails.test.runtime.TestRuntime.publishEvent(TestRuntime.groovy:211)
	at grails.test.runtime.TestRuntimeJunitAdapter.before(TestRuntimeJunitAdapter.groovy:109)
	at grails.test.runtime.TestRuntimeJunitAdapter$1$2.evaluate(TestRuntimeJunitAdapter.groovy:47)
	at org.spockframework.runtime.extension.builtin.TestRuleInterceptor.intercept(TestRuleInterceptor.java:38)
	at org.spockframework.runtime.extension.MethodInvocation.proceed(MethodInvocation.java:87)
	at org.spockframework.runtime.extension.MethodInvocation.proceed(MethodInvocation.java:88)
	at org.spockframework.runtime.extension.builtin.AbstractRuleInterceptor$1.evaluate(AbstractRuleInterceptor.java:37)
	at grails.test.runtime.TestRuntimeJunitAdapter$3$4.evaluate(TestRuntimeJunitAdapter.groovy:76)
	at org.spockframework.runtime.extension.builtin.ClassRuleInterceptor.intercept(ClassRuleInterceptor.java:38)
	at org.spockframework.runtime.extension.MethodInvocation.proceed(MethodInvocation.java:87)
Caused by: java.lang.ClassNotFoundException: DataSource$_run_closure3$_closure5$_closure8
	at java.net.URLClassLoader.findClass(URLClassLoader.java:381)
	at java.lang.ClassLoader.loadClass(ClassLoader.java:424)
	... 26 more
2016-03-18 16:21:46,970 [main] ERROR StackTrace  - Full Stack Trace:
java.lang.NoClassDefFoundError: DataSource$_run_closure3$_closure5$_closure8
	at DataSource.run_closure3$_closure5(DataSource.groovy:26)
	at DataSource.run_closure3(DataSource.groovy:25)
	at DataSource.run(DataSource.groovy:18)
	at grails.test.runtime.GrailsApplicationTestPlugin.createGrailsApplication(GrailsApplicationTestPlugin.groovy:164)
	at grails.test.runtime.GrailsApplicationTestPlugin.initGrailsApplication(GrailsApplicationTestPlugin.groovy:91)
	at grails.test.runtime.GrailsApplicationTestPlugin.onTestEvent(GrailsApplicationTestPlugin.groovy:327)
	at grails.test.runtime.TestRuntime.deliverEvent(TestRuntime.groovy:295)
	at grails.test.runtime.TestRuntime.executeEventLoop(TestRuntime.groovy:280)
	at grails.test.runtime.TestRuntime.processEvents(TestRuntime.groovy:265)
	at grails.test.runtime.TestRuntime.doPublishEvent(TestRuntime.groovy:238)
	at grails.test.runtime.TestRuntime.publishEvent(TestRuntime.groovy:211)
	at grails.test.runtime.TestRuntime.getValue(TestRuntime.groovy:122)
	at grails.test.runtime.GrailsApplicationTestPlugin.onTestEvent(GrailsApplicationTestPlugin.groovy:320)
	at grails.test.runtime.TestRuntime.deliverEvent(TestRuntime.groovy:295)
	at grails.test.runtime.TestRuntime.processEvents(TestRuntime.groovy:264)
	at grails.test.runtime.TestRuntime.doPublishEvent(TestRuntime.groovy:248)
	at grails.test.runtime.TestRuntime.publishEvent(TestRuntime.groovy:211)
	at grails.test.runtime.TestRuntimeJunitAdapter.before(TestRuntimeJunitAdapter.groovy:109)
	at grails.test.runtime.TestRuntimeJunitAdapter$1$2.evaluate(TestRuntimeJunitAdapter.groovy:47)
	at org.spockframework.runtime.extension.builtin.TestRuleInterceptor.intercept(TestRuleInterceptor.java:38)
	at org.spockframework.runtime.extension.MethodInvocation.proceed(MethodInvocation.java:87)
	at org.spockframework.runtime.extension.MethodInvocation.proceed(MethodInvocation.java:88)
	at org.spockframework.runtime.extension.builtin.AbstractRuleInterceptor$1.evaluate(AbstractRuleInterceptor.java:37)
	at grails.test.runtime.TestRuntimeJunitAdapter$3$4.evaluate(TestRuntimeJunitAdapter.groovy:76)
	at org.spockframework.runtime.extension.builtin.ClassRuleInterceptor.intercept(ClassRuleInterceptor.java:38)
	at org.spockframework.runtime.extension.MethodInvocation.proceed(MethodInvocation.java:87)
Caused by: java.lang.ClassNotFoundException: DataSource$_run_closure3$_closure5$_closure8
	at java.net.URLClassLoader.findClass(URLClassLoader.java:381)
	at java.lang.ClassLoader.loadClass(ClassLoader.java:424)
	... 26 more
2016-03-18 16:21:46,971 [main] ERROR StackTrace  - Full Stack Trace:
java.lang.ClassNotFoundException: DataSource$_run_closure3$_closure5$_closure8
	at java.net.URLClassLoader.findClass(URLClassLoader.java:381)
	at java.lang.ClassLoader.loadClass(ClassLoader.java:424)
	at DataSource.run_closure3$_closure5(DataSource.groovy:26)
	at DataSource.run_closure3(DataSource.groovy:25)
	at DataSource.run(DataSource.groovy:18)
	at grails.test.runtime.GrailsApplicationTestPlugin.createGrailsApplication(GrailsApplicationTestPlugin.groovy:164)
	at grails.test.runtime.GrailsApplicationTestPlugin.initGrailsApplication(GrailsApplicationTestPlugin.groovy:91)
	at grails.test.runtime.GrailsApplicationTestPlugin.onTestEvent(GrailsApplicationTestPlugin.groovy:327)
	at grails.test.runtime.TestRuntime.deliverEvent(TestRuntime.groovy:295)
	at grails.test.runtime.TestRuntime.executeEventLoop(TestRuntime.groovy:280)
	at grails.test.runtime.TestRuntime.processEvents(TestRuntime.groovy:265)
	at grails.test.runtime.TestRuntime.doPublishEvent(TestRuntime.groovy:238)
	at grails.test.runtime.TestRuntime.publishEvent(TestRuntime.groovy:211)
	at grails.test.runtime.TestRuntime.getValue(TestRuntime.groovy:122)
	at grails.test.runtime.GrailsApplicationTestPlugin.onTestEvent(GrailsApplicationTestPlugin.groovy:320)
	at grails.test.runtime.TestRuntime.deliverEvent(TestRuntime.groovy:295)
	at grails.test.runtime.TestRuntime.processEvents(TestRuntime.groovy:264)
	at grails.test.runtime.TestRuntime.doPublishEvent(TestRuntime.groovy:248)
	at grails.test.runtime.TestRuntime.publishEvent(TestRuntime.groovy:211)
	at grails.test.runtime.TestRuntimeJunitAdapter.before(TestRuntimeJunitAdapter.groovy:109)
	at grails.test.runtime.TestRuntimeJunitAdapter$1$2.evaluate(TestRuntimeJunitAdapter.groovy:47)
	at org.spockframework.runtime.extension.builtin.TestRuleInterceptor.intercept(TestRuleInterceptor.java:38)
	at org.spockframework.runtime.extension.MethodInvocation.proceed(MethodInvocation.java:87)
	at org.spockframework.runtime.extension.MethodInvocation.proceed(MethodInvocation.java:88)
	at org.spockframework.runtime.extension.builtin.AbstractRuleInterceptor$1.evaluate(AbstractRuleInterceptor.java:37)
	at grails.test.runtime.TestRuntimeJunitAdapter$3$4.evaluate(TestRuntimeJunitAdapter.groovy:76)
	at org.spockframework.runtime.extension.builtin.ClassRuleInterceptor.intercept(ClassRuleInterceptor.java:38)
	at org.spockframework.runtime.extension.MethodInvocation.proceed(MethodInvocation.java:87)
2016-03-18 16:21:46,971 [main] ERROR StackTrace  - Full Stack Trace:
java.lang.NoClassDefFoundError: DataSource$_run_closure3$_closure5$_closure8
	at DataSource.run_closure3$_closure5(DataSource.groovy:26)
	at DataSource.run_closure3(DataSource.groovy:25)
	at DataSource.run(DataSource.groovy:18)
	at grails.test.runtime.GrailsApplicationTestPlugin.createGrailsApplication(GrailsApplicationTestPlugin.groovy:164)
	at grails.test.runtime.GrailsApplicationTestPlugin.initGrailsApplication(GrailsApplicationTestPlugin.groovy:91)
	at grails.test.runtime.GrailsApplicationTestPlugin.onTestEvent(GrailsApplicationTestPlugin.groovy:327)
	at grails.test.runtime.TestRuntime.deliverEvent(TestRuntime.groovy:295)
	at grails.test.runtime.TestRuntime.executeEventLoop(TestRuntime.groovy:280)
	at grails.test.runtime.TestRuntime.processEvents(TestRuntime.groovy:265)
	at grails.test.runtime.TestRuntime.doPublishEvent(TestRuntime.groovy:238)
	at grails.test.runtime.TestRuntime.publishEvent(TestRuntime.groovy:211)
	at grails.test.runtime.TestRuntime.getValue(TestRuntime.groovy:122)
	at grails.test.runtime.GrailsApplicationTestPlugin.onTestEvent(GrailsApplicationTestPlugin.groovy:320)
	at grails.test.runtime.TestRuntime.deliverEvent(TestRuntime.groovy:295)
	at grails.test.runtime.TestRuntime.processEvents(TestRuntime.groovy:264)
	at grails.test.runtime.TestRuntime.doPublishEvent(TestRuntime.groovy:248)
	at grails.test.runtime.TestRuntime.publishEvent(TestRuntime.groovy:211)
	at grails.test.runtime.TestRuntimeJunitAdapter.before(TestRuntimeJunitAdapter.groovy:109)
	at grails.test.runtime.TestRuntimeJunitAdapter$1$2.evaluate(TestRuntimeJunitAdapter.groovy:47)
	at org.spockframework.runtime.extension.builtin.TestRuleInterceptor.intercept(TestRuleInterceptor.java:38)
	at org.spockframework.runtime.extension.MethodInvocation.proceed(MethodInvocation.java:87)
	at org.spockframework.runtime.extension.MethodInvocation.proceed(MethodInvocation.java:88)
	at org.spockframework.runtime.extension.builtin.AbstractRuleInterceptor$1.evaluate(AbstractRuleInterceptor.java:37)
	at grails.test.runtime.TestRuntimeJunitAdapter$3$4.evaluate(TestRuntimeJunitAdapter.groovy:76)
	at org.spockframework.runtime.extension.builtin.ClassRuleInterceptor.intercept(ClassRuleInterceptor.java:38)
	at org.spockframework.runtime.extension.MethodInvocation.proceed(MethodInvocation.java:87)
Caused by: java.lang.ClassNotFoundException: DataSource$_run_closure3$_closure5$_closure8
	at java.net.URLClassLoader.findClass(URLClassLoader.java:381)
	at java.lang.ClassLoader.loadClass(ClassLoader.java:424)
	... 26 more
2016-03-18 16:25:39,753 [main] ERROR StackTrace  - Full Stack Trace:
org.grails.datastore.mapping.model.IllegalMappingException: Mapped identifier [id] for class [grails.test.mixin.support.GrailsUnitTestMixin] is not a valid property
	at org.grails.datastore.mapping.model.config.GormMappingConfigurationStrategy.getIdentity(GormMappingConfigurationStrategy.java:809)
	at org.grails.datastore.mapping.model.AbstractPersistentEntity.resolveIdentifier(AbstractPersistentEntity.java:125)
	at org.grails.datastore.mapping.model.AbstractPersistentEntity.initialize(AbstractPersistentEntity.java:88)
	at org.grails.datastore.mapping.model.AbstractMappingContext.initializePersistentEntity(AbstractMappingContext.java:250)
	at org.grails.datastore.mapping.model.AbstractMappingContext.addPersistentEntities(AbstractMappingContext.java:183)
	at grails.test.mixin.domain.DomainClassUnitTestMixin.mockDomains(DomainClassUnitTestMixin.groovy:86)
	at grails.test.mixin.domain.DomainClassUnitTestMixin.mockDomain(DomainClassUnitTestMixin.groovy:119)
	at grails.test.mixin.domain.DomainClassUnitTestMixin.mockDomain(DomainClassUnitTestMixin.groovy:118)
	at org.springsource.loaded.ri.ReflectiveInterceptor.jlrMethodInvoke(ReflectiveInterceptor.java:1426)
	at org.spockframework.util.ReflectionUtil.invokeMethod(ReflectionUtil.java:153)
	at org.spockframework.runtime.model.MethodInfo.invoke(MethodInfo.java:84)
	at org.spockframework.runtime.extension.MethodInvocation.proceed(MethodInvocation.java:88)
	at org.spockframework.runtime.extension.builtin.AbstractRuleInterceptor$1.evaluate(AbstractRuleInterceptor.java:37)
	at org.springsource.loaded.ri.ReflectiveInterceptor.jlrMethodInvoke(ReflectiveInterceptor.java:1426)
	at grails.test.runtime.TestRuntimeJunitAdapter$1$2.evaluate(TestRuntimeJunitAdapter.groovy:49)
	at org.spockframework.runtime.extension.builtin.TestRuleInterceptor.intercept(TestRuleInterceptor.java:38)
	at org.spockframework.runtime.extension.MethodInvocation.proceed(MethodInvocation.java:87)
	at org.spockframework.runtime.extension.MethodInvocation.proceed(MethodInvocation.java:88)
	at org.spockframework.runtime.extension.builtin.AbstractRuleInterceptor$1.evaluate(AbstractRuleInterceptor.java:37)
	at org.springsource.loaded.ri.ReflectiveInterceptor.jlrMethodInvoke(ReflectiveInterceptor.java:1426)
	at grails.test.runtime.TestRuntimeJunitAdapter$3$4.evaluate(TestRuntimeJunitAdapter.groovy:76)
	at org.spockframework.runtime.extension.builtin.ClassRuleInterceptor.intercept(ClassRuleInterceptor.java:38)
	at org.spockframework.runtime.extension.MethodInvocation.proceed(MethodInvocation.java:87)
	at org.junit.runners.Suite.runChild(Suite.java:128)
	at org.junit.runners.Suite.runChild(Suite.java:27)
	at org.junit.runners.ParentRunner$3.run(ParentRunner.java:290)
	at org.junit.runners.ParentRunner$1.schedule(ParentRunner.java:71)
	at org.junit.runners.ParentRunner.runChildren(ParentRunner.java:288)
	at org.junit.runners.ParentRunner.access$000(ParentRunner.java:58)
	at org.junit.runners.ParentRunner$2.evaluate(ParentRunner.java:268)
	at org.junit.runners.ParentRunner.run(ParentRunner.java:363)
	at org.junit.runner.JUnitCore.run(JUnitCore.java:137)
	at org.junit.runner.JUnitCore.run(JUnitCore.java:115)
	at org.codehaus.groovy.grails.test.spock.GrailsSpecTestType.doRun(GrailsSpecTestType.groovy:147)
	at org.codehaus.groovy.grails.test.support.GrailsTestTypeSupport.run(GrailsTestTypeSupport.groovy:121)
	at org.codehaus.groovy.grails.test.runner.GrailsProjectTestRunner.runTests(GrailsProjectTestRunner.groovy:416)
	at org.codehaus.groovy.grails.test.runner.GrailsProjectTestRunner.processTests(GrailsProjectTestRunner.groovy:396)
	at org.springsource.loaded.ri.ReflectiveInterceptor.jlrMethodInvoke(ReflectiveInterceptor.java:1426)
	at org.codehaus.groovy.grails.test.runner.GrailsProjectTestRunner.runAllTests_closure7(GrailsProjectTestRunner.groovy:314)
	at org.springsource.loaded.ri.ReflectiveInterceptor.jlrMethodInvoke(ReflectiveInterceptor.java:1426)
	at groovy.lang.Closure.call(Closure.java:426)
	at org.codehaus.groovy.grails.test.runner.GrailsProjectTestRunner.runAllTests(GrailsProjectTestRunner.groovy:300)
	at org.codehaus.groovy.grails.test.runner.GrailsProjectTestRunner.runAllTests(GrailsProjectTestRunner.groovy:215)
	at org.codehaus.groovy.grails.cli.fork.testing.ForkedGrailsTestRunner.runInstance(ForkedGrailsTestRunner.groovy:128)
	at org.codehaus.groovy.grails.cli.fork.ForkedGrailsProjectClassExecutor.run(ForkedGrailsProjectClassExecutor.groovy:74)
	at org.codehaus.groovy.grails.cli.fork.testing.ForkedGrailsTestRunner.main(ForkedGrailsTestRunner.groovy:75)
2016-03-18 16:25:39,789 [main] ERROR StackTrace  - Full Stack Trace:
org.grails.datastore.mapping.model.IllegalMappingException: Mapped identifier [id] for class [grails.test.mixin.support.GrailsUnitTestMixin] is not a valid property
	at org.grails.datastore.mapping.model.config.GormMappingConfigurationStrategy.getIdentity(GormMappingConfigurationStrategy.java:809)
	at org.grails.datastore.mapping.model.AbstractPersistentEntity.resolveIdentifier(AbstractPersistentEntity.java:125)
	at org.grails.datastore.mapping.model.AbstractPersistentEntity.initialize(AbstractPersistentEntity.java:88)
	at org.grails.datastore.mapping.model.AbstractMappingContext.initializePersistentEntity(AbstractMappingContext.java:250)
	at org.grails.datastore.mapping.model.AbstractMappingContext.addPersistentEntities(AbstractMappingContext.java:183)
	at grails.test.mixin.domain.DomainClassUnitTestMixin.mockDomains(DomainClassUnitTestMixin.groovy:86)
	at grails.test.mixin.domain.DomainClassUnitTestMixin.mockDomain(DomainClassUnitTestMixin.groovy:119)
	at grails.test.mixin.domain.DomainClassUnitTestMixin.mockDomain(DomainClassUnitTestMixin.groovy:118)
	at org.spockframework.util.ReflectionUtil.invokeMethod(ReflectionUtil.java:153)
	at org.spockframework.runtime.model.MethodInfo.invoke(MethodInfo.java:84)
	at org.spockframework.runtime.extension.MethodInvocation.proceed(MethodInvocation.java:88)
	at org.spockframework.runtime.extension.builtin.AbstractRuleInterceptor$1.evaluate(AbstractRuleInterceptor.java:37)
	at grails.test.runtime.TestRuntimeJunitAdapter$1$2.evaluate(TestRuntimeJunitAdapter.groovy:49)
	at org.spockframework.runtime.extension.builtin.TestRuleInterceptor.intercept(TestRuleInterceptor.java:38)
	at org.spockframework.runtime.extension.MethodInvocation.proceed(MethodInvocation.java:87)
	at org.spockframework.runtime.extension.MethodInvocation.proceed(MethodInvocation.java:88)
	at org.spockframework.runtime.extension.builtin.AbstractRuleInterceptor$1.evaluate(AbstractRuleInterceptor.java:37)
	at grails.test.runtime.TestRuntimeJunitAdapter$3$4.evaluate(TestRuntimeJunitAdapter.groovy:76)
	at org.spockframework.runtime.extension.builtin.ClassRuleInterceptor.intercept(ClassRuleInterceptor.java:38)
	at org.spockframework.runtime.extension.MethodInvocation.proceed(MethodInvocation.java:87)
2016-03-18 16:25:39,807 [main] ERROR StackTrace  - Full Stack Trace:
org.grails.datastore.mapping.model.IllegalMappingException: Mapped identifier [id] for class [grails.test.mixin.support.GrailsUnitTestMixin] is not a valid property
	at org.grails.datastore.mapping.model.config.GormMappingConfigurationStrategy.getIdentity(GormMappingConfigurationStrategy.java:809)
	at org.grails.datastore.mapping.model.AbstractPersistentEntity.resolveIdentifier(AbstractPersistentEntity.java:125)
	at org.grails.datastore.mapping.model.AbstractPersistentEntity.initialize(AbstractPersistentEntity.java:88)
	at org.grails.datastore.mapping.model.AbstractMappingContext.initializePersistentEntity(AbstractMappingContext.java:250)
	at org.grails.datastore.mapping.model.AbstractMappingContext.addPersistentEntities(AbstractMappingContext.java:183)
	at grails.test.mixin.domain.DomainClassUnitTestMixin.mockDomains(DomainClassUnitTestMixin.groovy:86)
	at grails.test.mixin.domain.DomainClassUnitTestMixin.mockDomain(DomainClassUnitTestMixin.groovy:119)
	at grails.test.mixin.domain.DomainClassUnitTestMixin.mockDomain(DomainClassUnitTestMixin.groovy:118)
	at org.spockframework.util.ReflectionUtil.invokeMethod(ReflectionUtil.java:153)
	at org.spockframework.runtime.model.MethodInfo.invoke(MethodInfo.java:84)
	at org.spockframework.runtime.extension.MethodInvocation.proceed(MethodInvocation.java:88)
	at org.spockframework.runtime.extension.builtin.AbstractRuleInterceptor$1.evaluate(AbstractRuleInterceptor.java:37)
	at grails.test.runtime.TestRuntimeJunitAdapter$1$2.evaluate(TestRuntimeJunitAdapter.groovy:49)
	at org.spockframework.runtime.extension.builtin.TestRuleInterceptor.intercept(TestRuleInterceptor.java:38)
	at org.spockframework.runtime.extension.MethodInvocation.proceed(MethodInvocation.java:87)
	at org.spockframework.runtime.extension.MethodInvocation.proceed(MethodInvocation.java:88)
	at org.spockframework.runtime.extension.builtin.AbstractRuleInterceptor$1.evaluate(AbstractRuleInterceptor.java:37)
	at grails.test.runtime.TestRuntimeJunitAdapter$3$4.evaluate(TestRuntimeJunitAdapter.groovy:76)
	at org.spockframework.runtime.extension.builtin.ClassRuleInterceptor.intercept(ClassRuleInterceptor.java:38)
	at org.spockframework.runtime.extension.MethodInvocation.proceed(MethodInvocation.java:87)
2016-03-18 16:25:39,808 [main] ERROR StackTrace  - Full Stack Trace:
org.grails.datastore.mapping.model.IllegalMappingException: Mapped identifier [id] for class [grails.test.mixin.support.GrailsUnitTestMixin] is not a valid property
	at org.grails.datastore.mapping.model.config.GormMappingConfigurationStrategy.getIdentity(GormMappingConfigurationStrategy.java:809)
	at org.grails.datastore.mapping.model.AbstractPersistentEntity.resolveIdentifier(AbstractPersistentEntity.java:125)
	at org.grails.datastore.mapping.model.AbstractPersistentEntity.initialize(AbstractPersistentEntity.java:88)
	at org.grails.datastore.mapping.model.AbstractMappingContext.initializePersistentEntity(AbstractMappingContext.java:250)
	at org.grails.datastore.mapping.model.AbstractMappingContext.addPersistentEntities(AbstractMappingContext.java:183)
	at grails.test.mixin.domain.DomainClassUnitTestMixin.mockDomains(DomainClassUnitTestMixin.groovy:86)
	at grails.test.mixin.domain.DomainClassUnitTestMixin.mockDomain(DomainClassUnitTestMixin.groovy:119)
	at grails.test.mixin.domain.DomainClassUnitTestMixin.mockDomain(DomainClassUnitTestMixin.groovy:118)
	at org.spockframework.util.ReflectionUtil.invokeMethod(ReflectionUtil.java:153)
	at org.spockframework.runtime.model.MethodInfo.invoke(MethodInfo.java:84)
	at org.spockframework.runtime.extension.MethodInvocation.proceed(MethodInvocation.java:88)
	at org.spockframework.runtime.extension.builtin.AbstractRuleInterceptor$1.evaluate(AbstractRuleInterceptor.java:37)
	at grails.test.runtime.TestRuntimeJunitAdapter$1$2.evaluate(TestRuntimeJunitAdapter.groovy:49)
	at org.spockframework.runtime.extension.builtin.TestRuleInterceptor.intercept(TestRuleInterceptor.java:38)
	at org.spockframework.runtime.extension.MethodInvocation.proceed(MethodInvocation.java:87)
	at org.spockframework.runtime.extension.MethodInvocation.proceed(MethodInvocation.java:88)
	at org.spockframework.runtime.extension.builtin.AbstractRuleInterceptor$1.evaluate(AbstractRuleInterceptor.java:37)
	at grails.test.runtime.TestRuntimeJunitAdapter$3$4.evaluate(TestRuntimeJunitAdapter.groovy:76)
	at org.spockframework.runtime.extension.builtin.ClassRuleInterceptor.intercept(ClassRuleInterceptor.java:38)
	at org.spockframework.runtime.extension.MethodInvocation.proceed(MethodInvocation.java:87)
2016-03-18 16:25:39,871 [main] ERROR StackTrace  - Full Stack Trace:
org.grails.datastore.mapping.model.IllegalMappingException: Mapped identifier [id] for class [grails.test.mixin.support.GrailsUnitTestMixin] is not a valid property
	at org.grails.datastore.mapping.model.config.GormMappingConfigurationStrategy.getIdentity(GormMappingConfigurationStrategy.java:809)
	at org.grails.datastore.mapping.model.AbstractPersistentEntity.resolveIdentifier(AbstractPersistentEntity.java:125)
	at org.grails.datastore.mapping.model.AbstractPersistentEntity.initialize(AbstractPersistentEntity.java:88)
	at org.grails.datastore.mapping.model.AbstractMappingContext.initializePersistentEntity(AbstractMappingContext.java:250)
	at org.grails.datastore.mapping.model.AbstractMappingContext.addPersistentEntities(AbstractMappingContext.java:183)
	at grails.test.mixin.domain.DomainClassUnitTestMixin.mockDomains(DomainClassUnitTestMixin.groovy:86)
	at grails.test.mixin.domain.DomainClassUnitTestMixin.mockDomain(DomainClassUnitTestMixin.groovy:119)
	at grails.test.mixin.domain.DomainClassUnitTestMixin.mockDomain(DomainClassUnitTestMixin.groovy:118)
	at org.spockframework.util.ReflectionUtil.invokeMethod(ReflectionUtil.java:153)
	at org.spockframework.runtime.model.MethodInfo.invoke(MethodInfo.java:84)
	at org.spockframework.runtime.extension.MethodInvocation.proceed(MethodInvocation.java:88)
	at org.spockframework.runtime.extension.builtin.AbstractRuleInterceptor$1.evaluate(AbstractRuleInterceptor.java:37)
	at grails.test.runtime.TestRuntimeJunitAdapter$1$2.evaluate(TestRuntimeJunitAdapter.groovy:49)
	at org.spockframework.runtime.extension.builtin.TestRuleInterceptor.intercept(TestRuleInterceptor.java:38)
	at org.spockframework.runtime.extension.MethodInvocation.proceed(MethodInvocation.java:87)
	at org.spockframework.runtime.extension.MethodInvocation.proceed(MethodInvocation.java:88)
	at org.spockframework.runtime.extension.builtin.AbstractRuleInterceptor$1.evaluate(AbstractRuleInterceptor.java:37)
	at grails.test.runtime.TestRuntimeJunitAdapter$3$4.evaluate(TestRuntimeJunitAdapter.groovy:76)
	at org.spockframework.runtime.extension.builtin.ClassRuleInterceptor.intercept(ClassRuleInterceptor.java:38)
	at org.spockframework.runtime.extension.MethodInvocation.proceed(MethodInvocation.java:87)
2016-03-18 16:25:39,871 [main] ERROR StackTrace  - Full Stack Trace:
org.grails.datastore.mapping.model.IllegalMappingException: Mapped identifier [id] for class [grails.test.mixin.support.GrailsUnitTestMixin] is not a valid property
	at org.grails.datastore.mapping.model.config.GormMappingConfigurationStrategy.getIdentity(GormMappingConfigurationStrategy.java:809)
	at org.grails.datastore.mapping.model.AbstractPersistentEntity.resolveIdentifier(AbstractPersistentEntity.java:125)
	at org.grails.datastore.mapping.model.AbstractPersistentEntity.initialize(AbstractPersistentEntity.java:88)
	at org.grails.datastore.mapping.model.AbstractMappingContext.initializePersistentEntity(AbstractMappingContext.java:250)
	at org.grails.datastore.mapping.model.AbstractMappingContext.addPersistentEntities(AbstractMappingContext.java:183)
	at grails.test.mixin.domain.DomainClassUnitTestMixin.mockDomains(DomainClassUnitTestMixin.groovy:86)
	at grails.test.mixin.domain.DomainClassUnitTestMixin.mockDomain(DomainClassUnitTestMixin.groovy:119)
	at grails.test.mixin.domain.DomainClassUnitTestMixin.mockDomain(DomainClassUnitTestMixin.groovy:118)
	at org.spockframework.util.ReflectionUtil.invokeMethod(ReflectionUtil.java:153)
	at org.spockframework.runtime.model.MethodInfo.invoke(MethodInfo.java:84)
	at org.spockframework.runtime.extension.MethodInvocation.proceed(MethodInvocation.java:88)
	at org.spockframework.runtime.extension.builtin.AbstractRuleInterceptor$1.evaluate(AbstractRuleInterceptor.java:37)
	at grails.test.runtime.TestRuntimeJunitAdapter$1$2.evaluate(TestRuntimeJunitAdapter.groovy:49)
	at org.spockframework.runtime.extension.builtin.TestRuleInterceptor.intercept(TestRuleInterceptor.java:38)
	at org.spockframework.runtime.extension.MethodInvocation.proceed(MethodInvocation.java:87)
	at org.spockframework.runtime.extension.MethodInvocation.proceed(MethodInvocation.java:88)
	at org.spockframework.runtime.extension.builtin.AbstractRuleInterceptor$1.evaluate(AbstractRuleInterceptor.java:37)
	at grails.test.runtime.TestRuntimeJunitAdapter$3$4.evaluate(TestRuntimeJunitAdapter.groovy:76)
	at org.spockframework.runtime.extension.builtin.ClassRuleInterceptor.intercept(ClassRuleInterceptor.java:38)
	at org.spockframework.runtime.extension.MethodInvocation.proceed(MethodInvocation.java:87)
2016-03-18 18:21:26,807 [main] ERROR StackTrace  - Full Stack Trace:
Condition not satisfied:

2 == 3
  |
  false

	at PersonaTest.test estos(PersonaTest.groovy:25)
2016-03-18 18:21:26,816 [main] ERROR StackTrace  - Full Stack Trace:
Condition not satisfied:

2 == 3
  |
  false

	at PersonaTest.test estos(PersonaTest.groovy:25)
2016-03-18 18:21:26,835 [main] ERROR StackTrace  - Full Stack Trace:
junit.framework.AssertionFailedError: Condition not satisfied:

2 == 3
  |
  false

	at PersonaTest.test estos(PersonaTest.groovy:25)
2016-03-18 18:21:26,836 [main] ERROR StackTrace  - Full Stack Trace:
junit.framework.AssertionFailedError: Condition not satisfied:

2 == 3
  |
  false

	at PersonaTest.test estos(PersonaTest.groovy:25)
2016-03-18 18:21:26,843 [main] ERROR StackTrace  - Full Stack Trace:
junit.framework.AssertionFailedError: Condition not satisfied:

2 == 3
  |
  false

	at PersonaTest.test estos(PersonaTest.groovy:25)
2016-03-18 18:21:26,843 [main] ERROR StackTrace  - Full Stack Trace:
junit.framework.AssertionFailedError: Condition not satisfied:

2 == 3
  |
  false

	at PersonaTest.test estos(PersonaTest.groovy:25)
